{"C:\\Users\\Lucas\\Desktop\\Projetos\\Gestão-Financeira\\src\\components\\TransactionsTab.jsx": {"path":"C:\\Users\\Lucas\\Desktop\\Projetos\\Gestão-Financeira\\src\\components\\TransactionsTab.jsx","statementMap":{"0":{"start":{"line":14,"column":6},"end":{"line":33,"column":null}},"1":{"start":{"line":15,"column":2},"end":{"line":32,"column":null}},"2":{"start":{"line":16,"column":4},"end":{"line":19,"column":null}},"3":{"start":{"line":17,"column":6},"end":{"line":17,"column":null}},"4":{"start":{"line":18,"column":6},"end":{"line":18,"column":null}},"5":{"start":{"line":20,"column":19},"end":{"line":20,"column":null}},"6":{"start":{"line":21,"column":4},"end":{"line":21,"column":null}},"7":{"start":{"line":22,"column":4},"end":{"line":29,"column":null}},"8":{"start":{"line":23,"column":6},"end":{"line":28,"column":null}},"9":{"start":{"line":24,"column":8},"end":{"line":24,"column":null}},"10":{"start":{"line":25,"column":8},"end":{"line":25,"column":null}},"11":{"start":{"line":27,"column":8},"end":{"line":27,"column":null}},"12":{"start":{"line":30,"column":4},"end":{"line":30,"column":null}},"13":{"start":{"line":30,"column":30},"end":{"line":30,"column":null}},"14":{"start":{"line":31,"column":4},"end":{"line":31,"column":null}},"15":{"start":{"line":35,"column":27},"end":{"line":47,"column":null}},"16":{"start":{"line":36,"column":19},"end":{"line":36,"column":null}},"17":{"start":{"line":37,"column":22},"end":{"line":37,"column":null}},"18":{"start":{"line":38,"column":14},"end":{"line":38,"column":null}},"19":{"start":{"line":39,"column":17},"end":{"line":39,"column":null}},"20":{"start":{"line":40,"column":2},"end":{"line":45,"column":null}},"21":{"start":{"line":40,"column":15},"end":{"line":40,"column":18}},"22":{"start":{"line":41,"column":17},"end":{"line":41,"column":null}},"23":{"start":{"line":42,"column":24},"end":{"line":42,"column":null}},"24":{"start":{"line":43,"column":21},"end":{"line":43,"column":null}},"25":{"start":{"line":43,"column":51},"end":{"line":43,"column":59}},"26":{"start":{"line":44,"column":4},"end":{"line":44,"column":null}},"27":{"start":{"line":46,"column":2},"end":{"line":46,"column":null}},"28":{"start":{"line":49,"column":25},"end":{"line":58,"column":null}},"29":{"start":{"line":50,"column":2},"end":{"line":57,"column":null}},"30":{"start":{"line":51,"column":4},"end":{"line":51,"column":null}},"31":{"start":{"line":53,"column":4},"end":{"line":53,"column":null}},"32":{"start":{"line":53,"column":22},"end":{"line":53,"column":null}},"33":{"start":{"line":54,"column":4},"end":{"line":54,"column":null}},"34":{"start":{"line":55,"column":4},"end":{"line":55,"column":null}},"35":{"start":{"line":55,"column":33},"end":{"line":55,"column":59}},"36":{"start":{"line":56,"column":4},"end":{"line":56,"column":null}},"37":{"start":{"line":60,"column":18},"end":{"line":262,"column":null}},"38":{"start":{"line":69,"column":20},"end":{"line":69,"column":null}},"39":{"start":{"line":70,"column":25},"end":{"line":70,"column":null}},"40":{"start":{"line":71,"column":20},"end":{"line":71,"column":null}},"41":{"start":{"line":73,"column":2},"end":{"line":75,"column":null}},"42":{"start":{"line":74,"column":4},"end":{"line":74,"column":null}},"43":{"start":{"line":77,"column":2},"end":{"line":79,"column":null}},"44":{"start":{"line":78,"column":4},"end":{"line":78,"column":null}},"45":{"start":{"line":81,"column":2},"end":{"line":83,"column":null}},"46":{"start":{"line":82,"column":4},"end":{"line":82,"column":null}},"47":{"start":{"line":85,"column":8},"end":{"line":89,"column":null}},"48":{"start":{"line":86,"column":4},"end":{"line":88,"column":null}},"49":{"start":{"line":87,"column":6},"end":{"line":87,"column":null}},"50":{"start":{"line":91,"column":8},"end":{"line":96,"column":null}},"51":{"start":{"line":92,"column":10},"end":{"line":92,"column":null}},"52":{"start":{"line":93,"column":4},"end":{"line":95,"column":null}},"53":{"start":{"line":94,"column":6},"end":{"line":94,"column":null}},"54":{"start":{"line":98,"column":8},"end":{"line":102,"column":null}},"55":{"start":{"line":99,"column":4},"end":{"line":101,"column":null}},"56":{"start":{"line":100,"column":6},"end":{"line":100,"column":null}},"57":{"start":{"line":104,"column":2},"end":{"line":260,"column":null}},"58":{"start":{"line":115,"column":27},"end":{"line":115,"column":null}},"59":{"start":{"line":125,"column":27},"end":{"line":125,"column":null}},"60":{"start":{"line":139,"column":27},"end":{"line":139,"column":null}},"61":{"start":{"line":149,"column":27},"end":{"line":149,"column":null}},"62":{"start":{"line":160,"column":34},"end":{"line":160,"column":null}},"63":{"start":{"line":166,"column":36},"end":{"line":166,"column":56}},"64":{"start":{"line":167,"column":14},"end":{"line":167,"column":null}},"65":{"start":{"line":178,"column":27},"end":{"line":178,"column":null}},"66":{"start":{"line":188,"column":34},"end":{"line":188,"column":null}},"67":{"start":{"line":196,"column":14},"end":{"line":196,"column":null}},"68":{"start":{"line":209,"column":31},"end":{"line":209,"column":null}},"69":{"start":{"line":222,"column":30},"end":{"line":222,"column":null}},"70":{"start":{"line":223,"column":18},"end":{"line":223,"column":null}},"71":{"start":{"line":233,"column":30},"end":{"line":233,"column":null}},"72":{"start":{"line":234,"column":18},"end":{"line":234,"column":null}},"73":{"start":{"line":254,"column":25},"end":{"line":254,"column":null}},"74":{"start":{"line":276,"column":4},"end":{"line":277,"column":null}},"75":{"start":{"line":280,"column":22},"end":{"line":280,"column":null}},"76":{"start":{"line":281,"column":17},"end":{"line":281,"column":null}},"77":{"start":{"line":282,"column":15},"end":{"line":282,"column":null}},"78":{"start":{"line":283,"column":21},"end":{"line":283,"column":null}},"79":{"start":{"line":284,"column":15},"end":{"line":284,"column":null}},"80":{"start":{"line":285,"column":25},"end":{"line":285,"column":null}},"81":{"start":{"line":286,"column":19},"end":{"line":286,"column":null}},"82":{"start":{"line":287,"column":16},"end":{"line":287,"column":null}},"83":{"start":{"line":288,"column":26},"end":{"line":288,"column":null}},"84":{"start":{"line":291,"column":18},"end":{"line":291,"column":null}},"85":{"start":{"line":292,"column":20},"end":{"line":292,"column":null}},"86":{"start":{"line":293,"column":18},"end":{"line":293,"column":null}},"87":{"start":{"line":294,"column":19},"end":{"line":294,"column":null}},"88":{"start":{"line":295,"column":23},"end":{"line":295,"column":null}},"89":{"start":{"line":296,"column":21},"end":{"line":296,"column":null}},"90":{"start":{"line":297,"column":28},"end":{"line":297,"column":null}},"91":{"start":{"line":298,"column":24},"end":{"line":298,"column":null}},"92":{"start":{"line":301,"column":28},"end":{"line":301,"column":null}},"93":{"start":{"line":302,"column":28},"end":{"line":302,"column":null}},"94":{"start":{"line":303,"column":26},"end":{"line":303,"column":null}},"95":{"start":{"line":304,"column":29},"end":{"line":304,"column":null}},"96":{"start":{"line":305,"column":28},"end":{"line":305,"column":null}},"97":{"start":{"line":308,"column":23},"end":{"line":308,"column":null}},"98":{"start":{"line":309,"column":28},"end":{"line":309,"column":null}},"99":{"start":{"line":310,"column":22},"end":{"line":310,"column":null}},"100":{"start":{"line":311,"column":28},"end":{"line":311,"column":null}},"101":{"start":{"line":312,"column":25},"end":{"line":312,"column":null}},"102":{"start":{"line":313,"column":24},"end":{"line":313,"column":null}},"103":{"start":{"line":314,"column":23},"end":{"line":314,"column":null}},"104":{"start":{"line":317,"column":24},"end":{"line":317,"column":null}},"105":{"start":{"line":318,"column":20},"end":{"line":318,"column":null}},"106":{"start":{"line":319,"column":22},"end":{"line":319,"column":null}},"107":{"start":{"line":320,"column":24},"end":{"line":320,"column":null}},"108":{"start":{"line":321,"column":22},"end":{"line":321,"column":null}},"109":{"start":{"line":322,"column":23},"end":{"line":322,"column":null}},"110":{"start":{"line":323,"column":27},"end":{"line":323,"column":null}},"111":{"start":{"line":324,"column":25},"end":{"line":324,"column":null}},"112":{"start":{"line":325,"column":32},"end":{"line":325,"column":null}},"113":{"start":{"line":326,"column":28},"end":{"line":326,"column":null}},"114":{"start":{"line":329,"column":26},"end":{"line":329,"column":null}},"115":{"start":{"line":330,"column":22},"end":{"line":330,"column":null}},"116":{"start":{"line":331,"column":24},"end":{"line":331,"column":null}},"117":{"start":{"line":332,"column":26},"end":{"line":332,"column":null}},"118":{"start":{"line":333,"column":24},"end":{"line":333,"column":null}},"119":{"start":{"line":334,"column":25},"end":{"line":334,"column":null}},"120":{"start":{"line":335,"column":24},"end":{"line":335,"column":null}},"121":{"start":{"line":336,"column":34},"end":{"line":336,"column":null}},"122":{"start":{"line":337,"column":28},"end":{"line":337,"column":null}},"123":{"start":{"line":338,"column":25},"end":{"line":338,"column":null}},"124":{"start":{"line":339,"column":30},"end":{"line":339,"column":null}},"125":{"start":{"line":342,"column":26},"end":{"line":342,"column":null}},"126":{"start":{"line":343,"column":24},"end":{"line":343,"column":null}},"127":{"start":{"line":344,"column":22},"end":{"line":344,"column":null}},"128":{"start":{"line":345,"column":25},"end":{"line":345,"column":null}},"129":{"start":{"line":348,"column":8},"end":{"line":354,"column":null}},"130":{"start":{"line":349,"column":4},"end":{"line":353,"column":null}},"131":{"start":{"line":350,"column":6},"end":{"line":350,"column":null}},"132":{"start":{"line":350,"column":55},"end":{"line":350,"column":null}},"133":{"start":{"line":351,"column":6},"end":{"line":351,"column":null}},"134":{"start":{"line":351,"column":51},"end":{"line":351,"column":null}},"135":{"start":{"line":352,"column":6},"end":{"line":352,"column":null}},"136":{"start":{"line":357,"column":8},"end":{"line":357,"column":null}},"137":{"start":{"line":357,"column":35},"end":{"line":357,"column":97}},"138":{"start":{"line":358,"column":21},"end":{"line":358,"column":null}},"139":{"start":{"line":360,"column":8},"end":{"line":365,"column":null}},"140":{"start":{"line":361,"column":4},"end":{"line":364,"column":null}},"141":{"start":{"line":367,"column":8},"end":{"line":377,"column":null}},"142":{"start":{"line":368,"column":4},"end":{"line":368,"column":null}},"143":{"start":{"line":369,"column":4},"end":{"line":369,"column":null}},"144":{"start":{"line":370,"column":4},"end":{"line":370,"column":null}},"145":{"start":{"line":371,"column":4},"end":{"line":371,"column":null}},"146":{"start":{"line":372,"column":4},"end":{"line":372,"column":null}},"147":{"start":{"line":373,"column":4},"end":{"line":373,"column":null}},"148":{"start":{"line":374,"column":4},"end":{"line":374,"column":null}},"149":{"start":{"line":375,"column":4},"end":{"line":375,"column":null}},"150":{"start":{"line":376,"column":4},"end":{"line":376,"column":null}},"151":{"start":{"line":379,"column":8},"end":{"line":390,"column":null}},"152":{"start":{"line":380,"column":4},"end":{"line":380,"column":null}},"153":{"start":{"line":381,"column":4},"end":{"line":381,"column":null}},"154":{"start":{"line":382,"column":4},"end":{"line":382,"column":null}},"155":{"start":{"line":383,"column":4},"end":{"line":383,"column":null}},"156":{"start":{"line":384,"column":4},"end":{"line":384,"column":null}},"157":{"start":{"line":385,"column":4},"end":{"line":385,"column":null}},"158":{"start":{"line":386,"column":4},"end":{"line":386,"column":null}},"159":{"start":{"line":387,"column":4},"end":{"line":387,"column":null}},"160":{"start":{"line":388,"column":4},"end":{"line":388,"column":null}},"161":{"start":{"line":389,"column":4},"end":{"line":389,"column":null}},"162":{"start":{"line":392,"column":28},"end":{"line":413,"column":null}},"163":{"start":{"line":393,"column":4},"end":{"line":393,"column":null}},"164":{"start":{"line":394,"column":4},"end":{"line":394,"column":null}},"165":{"start":{"line":394,"column":78},"end":{"line":394,"column":null}},"166":{"start":{"line":395,"column":4},"end":{"line":395,"column":null}},"167":{"start":{"line":396,"column":4},"end":{"line":412,"column":null}},"168":{"start":{"line":397,"column":6},"end":{"line":405,"column":null}},"169":{"start":{"line":406,"column":6},"end":{"line":406,"column":null}},"170":{"start":{"line":408,"column":6},"end":{"line":408,"column":null}},"171":{"start":{"line":409,"column":6},"end":{"line":409,"column":null}},"172":{"start":{"line":411,"column":6},"end":{"line":411,"column":null}},"173":{"start":{"line":415,"column":30},"end":{"line":437,"column":null}},"174":{"start":{"line":416,"column":4},"end":{"line":416,"column":null}},"175":{"start":{"line":417,"column":4},"end":{"line":417,"column":null}},"176":{"start":{"line":417,"column":81},"end":{"line":417,"column":null}},"177":{"start":{"line":418,"column":4},"end":{"line":418,"column":null}},"178":{"start":{"line":419,"column":4},"end":{"line":436,"column":null}},"179":{"start":{"line":420,"column":6},"end":{"line":429,"column":null}},"180":{"start":{"line":430,"column":6},"end":{"line":430,"column":null}},"181":{"start":{"line":432,"column":6},"end":{"line":432,"column":null}},"182":{"start":{"line":433,"column":6},"end":{"line":433,"column":null}},"183":{"start":{"line":435,"column":6},"end":{"line":435,"column":null}},"184":{"start":{"line":441,"column":8},"end":{"line":443,"column":null}},"185":{"start":{"line":442,"column":4},"end":{"line":442,"column":null}},"186":{"start":{"line":445,"column":25},"end":{"line":470,"column":null}},"187":{"start":{"line":446,"column":4},"end":{"line":446,"column":null}},"188":{"start":{"line":447,"column":4},"end":{"line":447,"column":null}},"189":{"start":{"line":447,"column":57},"end":{"line":447,"column":null}},"190":{"start":{"line":448,"column":4},"end":{"line":448,"column":null}},"191":{"start":{"line":449,"column":4},"end":{"line":469,"column":null}},"192":{"start":{"line":450,"column":6},"end":{"line":459,"column":null}},"193":{"start":{"line":460,"column":6},"end":{"line":460,"column":null}},"194":{"start":{"line":461,"column":6},"end":{"line":461,"column":null}},"195":{"start":{"line":462,"column":6},"end":{"line":462,"column":null}},"196":{"start":{"line":463,"column":6},"end":{"line":463,"column":null}},"197":{"start":{"line":464,"column":6},"end":{"line":464,"column":null}},"198":{"start":{"line":466,"column":6},"end":{"line":466,"column":null}},"199":{"start":{"line":468,"column":6},"end":{"line":468,"column":null}},"200":{"start":{"line":472,"column":23},"end":{"line":496,"column":null}},"201":{"start":{"line":473,"column":4},"end":{"line":473,"column":null}},"202":{"start":{"line":474,"column":4},"end":{"line":474,"column":null}},"203":{"start":{"line":474,"column":62},"end":{"line":474,"column":null}},"204":{"start":{"line":475,"column":4},"end":{"line":475,"column":null}},"205":{"start":{"line":476,"column":4},"end":{"line":495,"column":null}},"206":{"start":{"line":477,"column":6},"end":{"line":486,"column":null}},"207":{"start":{"line":487,"column":6},"end":{"line":487,"column":null}},"208":{"start":{"line":488,"column":6},"end":{"line":488,"column":null}},"209":{"start":{"line":489,"column":6},"end":{"line":489,"column":null}},"210":{"start":{"line":490,"column":6},"end":{"line":490,"column":null}},"211":{"start":{"line":492,"column":6},"end":{"line":492,"column":null}},"212":{"start":{"line":494,"column":6},"end":{"line":494,"column":null}},"213":{"start":{"line":498,"column":8},"end":{"line":504,"column":null}},"214":{"start":{"line":499,"column":4},"end":{"line":499,"column":null}},"215":{"start":{"line":500,"column":4},"end":{"line":500,"column":null}},"216":{"start":{"line":501,"column":4},"end":{"line":501,"column":null}},"217":{"start":{"line":502,"column":4},"end":{"line":502,"column":null}},"218":{"start":{"line":503,"column":4},"end":{"line":503,"column":null}},"219":{"start":{"line":506,"column":8},"end":{"line":512,"column":null}},"220":{"start":{"line":507,"column":4},"end":{"line":507,"column":null}},"221":{"start":{"line":508,"column":4},"end":{"line":508,"column":null}},"222":{"start":{"line":509,"column":4},"end":{"line":509,"column":null}},"223":{"start":{"line":510,"column":4},"end":{"line":510,"column":null}},"224":{"start":{"line":511,"column":4},"end":{"line":511,"column":null}},"225":{"start":{"line":514,"column":24},"end":{"line":529,"column":null}},"226":{"start":{"line":515,"column":4},"end":{"line":515,"column":null}},"227":{"start":{"line":515,"column":26},"end":{"line":515,"column":null}},"228":{"start":{"line":516,"column":4},"end":{"line":528,"column":null}},"229":{"start":{"line":517,"column":6},"end":{"line":521,"column":null}},"230":{"start":{"line":518,"column":8},"end":{"line":518,"column":null}},"231":{"start":{"line":519,"column":13},"end":{"line":521,"column":null}},"232":{"start":{"line":520,"column":8},"end":{"line":520,"column":null}},"233":{"start":{"line":523,"column":6},"end":{"line":523,"column":null}},"234":{"start":{"line":525,"column":6},"end":{"line":525,"column":null}},"235":{"start":{"line":526,"column":6},"end":{"line":526,"column":null}},"236":{"start":{"line":527,"column":6},"end":{"line":527,"column":null}},"237":{"start":{"line":531,"column":8},"end":{"line":533,"column":null}},"238":{"start":{"line":532,"column":4},"end":{"line":532,"column":null}},"239":{"start":{"line":532,"column":27},"end":{"line":532,"column":91}},"240":{"start":{"line":532,"column":44},"end":{"line":532,"column":90}},"241":{"start":{"line":535,"column":8},"end":{"line":541,"column":null}},"242":{"start":{"line":536,"column":4},"end":{"line":540,"column":null}},"243":{"start":{"line":537,"column":6},"end":{"line":537,"column":null}},"244":{"start":{"line":537,"column":35},"end":{"line":537,"column":48}},"245":{"start":{"line":539,"column":6},"end":{"line":539,"column":null}},"246":{"start":{"line":539,"column":35},"end":{"line":539,"column":67}},"247":{"start":{"line":539,"column":55},"end":{"line":539,"column":66}},"248":{"start":{"line":543,"column":8},"end":{"line":546,"column":null}},"249":{"start":{"line":544,"column":4},"end":{"line":544,"column":null}},"250":{"start":{"line":544,"column":27},"end":{"line":544,"column":62}},"251":{"start":{"line":544,"column":47},"end":{"line":544,"column":61}},"252":{"start":{"line":545,"column":4},"end":{"line":545,"column":null}},"253":{"start":{"line":545,"column":33},"end":{"line":545,"column":65}},"254":{"start":{"line":545,"column":53},"end":{"line":545,"column":64}},"255":{"start":{"line":548,"column":8},"end":{"line":588,"column":null}},"256":{"start":{"line":549,"column":4},"end":{"line":549,"column":null}},"257":{"start":{"line":550,"column":4},"end":{"line":550,"column":null}},"258":{"start":{"line":552,"column":4},"end":{"line":587,"column":null}},"259":{"start":{"line":552,"column":27},"end":{"line":587,"column":6}},"260":{"start":{"line":553,"column":26},"end":{"line":553,"column":null}},"261":{"start":{"line":554,"column":25},"end":{"line":554,"column":null}},"262":{"start":{"line":556,"column":6},"end":{"line":570,"column":null}},"263":{"start":{"line":557,"column":32},"end":{"line":557,"column":null}},"264":{"start":{"line":558,"column":8},"end":{"line":569,"column":null}},"265":{"start":{"line":559,"column":27},"end":{"line":559,"column":null}},"266":{"start":{"line":560,"column":23},"end":{"line":560,"column":null}},"267":{"start":{"line":562,"column":30},"end":{"line":562,"column":null}},"268":{"start":{"line":563,"column":10},"end":{"line":568,"column":null}},"269":{"start":{"line":564,"column":28},"end":{"line":564,"column":null}},"270":{"start":{"line":565,"column":12},"end":{"line":565,"column":null}},"271":{"start":{"line":567,"column":12},"end":{"line":567,"column":null}},"272":{"start":{"line":572,"column":30},"end":{"line":572,"column":null}},"273":{"start":{"line":573,"column":6},"end":{"line":580,"column":null}},"274":{"start":{"line":574,"column":32},"end":{"line":574,"column":null}},"275":{"start":{"line":575,"column":8},"end":{"line":579,"column":null}},"276":{"start":{"line":576,"column":26},"end":{"line":576,"column":null}},"277":{"start":{"line":577,"column":10},"end":{"line":577,"column":null}},"278":{"start":{"line":578,"column":10},"end":{"line":578,"column":null}},"279":{"start":{"line":582,"column":6},"end":{"line":586,"column":null}},"280":{"start":{"line":590,"column":26},"end":{"line":808,"column":null}},"281":{"start":{"line":591,"column":17},"end":{"line":591,"column":null}},"282":{"start":{"line":592,"column":4},"end":{"line":592,"column":null}},"283":{"start":{"line":592,"column":15},"end":{"line":592,"column":null}},"284":{"start":{"line":594,"column":22},"end":{"line":594,"column":null}},"285":{"start":{"line":595,"column":4},"end":{"line":598,"column":null}},"286":{"start":{"line":596,"column":6},"end":{"line":596,"column":null}},"287":{"start":{"line":597,"column":6},"end":{"line":597,"column":null}},"288":{"start":{"line":600,"column":4},"end":{"line":600,"column":null}},"289":{"start":{"line":601,"column":4},"end":{"line":807,"column":null}},"290":{"start":{"line":602,"column":26},"end":{"line":602,"column":null}},"291":{"start":{"line":604,"column":20},"end":{"line":604,"column":null}},"292":{"start":{"line":606,"column":29},"end":{"line":609,"column":null}},"293":{"start":{"line":607,"column":21},"end":{"line":607,"column":41}},"294":{"start":{"line":608,"column":18},"end":{"line":608,"column":52}},"295":{"start":{"line":611,"column":21},"end":{"line":625,"column":null}},"296":{"start":{"line":646,"column":6},"end":{"line":679,"column":null}},"297":{"start":{"line":647,"column":22},"end":{"line":650,"column":null}},"298":{"start":{"line":651,"column":8},"end":{"line":654,"column":null}},"299":{"start":{"line":651,"column":46},"end":{"line":654,"column":10}},"300":{"start":{"line":656,"column":8},"end":{"line":656,"column":null}},"301":{"start":{"line":658,"column":8},"end":{"line":678,"column":null}},"302":{"start":{"line":659,"column":33},"end":{"line":662,"column":null}},"303":{"start":{"line":663,"column":10},"end":{"line":666,"column":null}},"304":{"start":{"line":663,"column":48},"end":{"line":666,"column":12}},"305":{"start":{"line":668,"column":10},"end":{"line":668,"column":null}},"306":{"start":{"line":670,"column":33},"end":{"line":673,"column":null}},"307":{"start":{"line":674,"column":10},"end":{"line":677,"column":null}},"308":{"start":{"line":674,"column":48},"end":{"line":677,"column":12}},"309":{"start":{"line":681,"column":27},"end":{"line":681,"column":null}},"310":{"start":{"line":682,"column":24},"end":{"line":682,"column":null}},"311":{"start":{"line":683,"column":25},"end":{"line":683,"column":null}},"312":{"start":{"line":684,"column":27},"end":{"line":684,"column":null}},"313":{"start":{"line":687,"column":26},"end":{"line":687,"column":null}},"314":{"start":{"line":688,"column":27},"end":{"line":688,"column":null}},"315":{"start":{"line":690,"column":20},"end":{"line":692,"column":null}},"316":{"start":{"line":691,"column":18},"end":{"line":691,"column":24}},"317":{"start":{"line":692,"column":21},"end":{"line":692,"column":55}},"318":{"start":{"line":694,"column":6},"end":{"line":704,"column":null}},"319":{"start":{"line":695,"column":28},"end":{"line":695,"column":null}},"320":{"start":{"line":696,"column":30},"end":{"line":696,"column":null}},"321":{"start":{"line":697,"column":30},"end":{"line":697,"column":null}},"322":{"start":{"line":698,"column":8},"end":{"line":698,"column":null}},"323":{"start":{"line":699,"column":8},"end":{"line":699,"column":null}},"324":{"start":{"line":701,"column":20},"end":{"line":701,"column":null}},"325":{"start":{"line":702,"column":8},"end":{"line":702,"column":null}},"326":{"start":{"line":703,"column":8},"end":{"line":703,"column":null}},"327":{"start":{"line":707,"column":6},"end":{"line":707,"column":null}},"328":{"start":{"line":708,"column":6},"end":{"line":708,"column":null}},"329":{"start":{"line":710,"column":24},"end":{"line":788,"column":null}},"330":{"start":{"line":712,"column":28},"end":{"line":735,"column":null}},"331":{"start":{"line":713,"column":30},"end":{"line":713,"column":null}},"332":{"start":{"line":714,"column":10},"end":{"line":714,"column":null}},"333":{"start":{"line":714,"column":28},"end":{"line":714,"column":null}},"334":{"start":{"line":716,"column":16},"end":{"line":716,"column":null}},"335":{"start":{"line":717,"column":16},"end":{"line":717,"column":null}},"336":{"start":{"line":718,"column":16},"end":{"line":718,"column":null}},"337":{"start":{"line":719,"column":16},"end":{"line":719,"column":null}},"338":{"start":{"line":722,"column":10},"end":{"line":726,"column":null}},"339":{"start":{"line":723,"column":12},"end":{"line":725,"column":null}},"340":{"start":{"line":724,"column":14},"end":{"line":724,"column":null}},"341":{"start":{"line":729,"column":10},"end":{"line":733,"column":null}},"342":{"start":{"line":737,"column":28},"end":{"line":737,"column":null}},"343":{"start":{"line":741,"column":27},"end":{"line":741,"column":null}},"344":{"start":{"line":742,"column":8},"end":{"line":758,"column":null}},"345":{"start":{"line":743,"column":34},"end":{"line":743,"column":null}},"346":{"start":{"line":744,"column":10},"end":{"line":757,"column":null}},"347":{"start":{"line":745,"column":29},"end":{"line":745,"column":null}},"348":{"start":{"line":746,"column":25},"end":{"line":746,"column":null}},"349":{"start":{"line":749,"column":32},"end":{"line":749,"column":null}},"350":{"start":{"line":751,"column":12},"end":{"line":756,"column":null}},"351":{"start":{"line":752,"column":30},"end":{"line":752,"column":null}},"352":{"start":{"line":753,"column":14},"end":{"line":753,"column":null}},"353":{"start":{"line":755,"column":14},"end":{"line":755,"column":null}},"354":{"start":{"line":761,"column":32},"end":{"line":761,"column":null}},"355":{"start":{"line":762,"column":8},"end":{"line":769,"column":null}},"356":{"start":{"line":763,"column":34},"end":{"line":763,"column":null}},"357":{"start":{"line":764,"column":10},"end":{"line":768,"column":null}},"358":{"start":{"line":765,"column":28},"end":{"line":765,"column":null}},"359":{"start":{"line":766,"column":12},"end":{"line":766,"column":null}},"360":{"start":{"line":767,"column":12},"end":{"line":767,"column":null}},"361":{"start":{"line":771,"column":8},"end":{"line":787,"column":null}},"362":{"start":{"line":790,"column":6},"end":{"line":790,"column":null}},"363":{"start":{"line":791,"column":6},"end":{"line":791,"column":null}},"364":{"start":{"line":792,"column":6},"end":{"line":792,"column":null}},"365":{"start":{"line":794,"column":6},"end":{"line":794,"column":null}},"366":{"start":{"line":795,"column":23},"end":{"line":795,"column":null}},"367":{"start":{"line":796,"column":6},"end":{"line":802,"column":null}},"368":{"start":{"line":797,"column":8},"end":{"line":797,"column":null}},"369":{"start":{"line":798,"column":13},"end":{"line":802,"column":null}},"370":{"start":{"line":799,"column":8},"end":{"line":799,"column":null}},"371":{"start":{"line":801,"column":8},"end":{"line":801,"column":null}},"372":{"start":{"line":804,"column":6},"end":{"line":804,"column":null}},"373":{"start":{"line":806,"column":6},"end":{"line":806,"column":null}},"374":{"start":{"line":810,"column":8},"end":{"line":813,"column":null}},"375":{"start":{"line":811,"column":4},"end":{"line":811,"column":null}},"376":{"start":{"line":811,"column":27},"end":{"line":811,"column":84}},"377":{"start":{"line":811,"column":47},"end":{"line":811,"column":83}},"378":{"start":{"line":812,"column":4},"end":{"line":812,"column":null}},"379":{"start":{"line":815,"column":8},"end":{"line":825,"column":null}},"380":{"start":{"line":816,"column":4},"end":{"line":816,"column":null}},"381":{"start":{"line":816,"column":19},"end":{"line":816,"column":null}},"382":{"start":{"line":817,"column":27},"end":{"line":817,"column":null}},"383":{"start":{"line":818,"column":4},"end":{"line":823,"column":null}},"384":{"start":{"line":818,"column":27},"end":{"line":823,"column":6}},"385":{"start":{"line":819,"column":6},"end":{"line":821,"column":null}},"386":{"start":{"line":820,"column":8},"end":{"line":820,"column":null}},"387":{"start":{"line":822,"column":6},"end":{"line":822,"column":null}},"388":{"start":{"line":824,"column":4},"end":{"line":824,"column":null}},"389":{"start":{"line":827,"column":27},"end":{"line":873,"column":null}},"390":{"start":{"line":828,"column":24},"end":{"line":828,"column":null}},"391":{"start":{"line":828,"column":48},"end":{"line":828,"column":63}},"392":{"start":{"line":829,"column":4},"end":{"line":832,"column":null}},"393":{"start":{"line":830,"column":6},"end":{"line":830,"column":null}},"394":{"start":{"line":831,"column":6},"end":{"line":831,"column":null}},"395":{"start":{"line":834,"column":4},"end":{"line":834,"column":null}},"396":{"start":{"line":835,"column":4},"end":{"line":872,"column":null}},"397":{"start":{"line":836,"column":6},"end":{"line":864,"column":null}},"398":{"start":{"line":837,"column":8},"end":{"line":863,"column":null}},"399":{"start":{"line":839,"column":10},"end":{"line":849,"column":null}},"400":{"start":{"line":852,"column":10},"end":{"line":862,"column":null}},"401":{"start":{"line":865,"column":6},"end":{"line":865,"column":null}},"402":{"start":{"line":866,"column":6},"end":{"line":866,"column":null}},"403":{"start":{"line":868,"column":6},"end":{"line":868,"column":null}},"404":{"start":{"line":869,"column":6},"end":{"line":869,"column":null}},"405":{"start":{"line":871,"column":6},"end":{"line":871,"column":null}},"406":{"start":{"line":877,"column":2},"end":{"line":1757,"column":null}},"407":{"start":{"line":907,"column":33},"end":{"line":907,"column":null}},"408":{"start":{"line":919,"column":33},"end":{"line":919,"column":null}},"409":{"start":{"line":928,"column":59},"end":{"line":928,"column":null}},"410":{"start":{"line":942,"column":65},"end":{"line":942,"column":null}},"411":{"start":{"line":947,"column":42},"end":{"line":947,"column":57}},"412":{"start":{"line":948,"column":20},"end":{"line":953,"column":null}},"413":{"start":{"line":964,"column":33},"end":{"line":964,"column":null}},"414":{"start":{"line":972,"column":69},"end":{"line":972,"column":null}},"415":{"start":{"line":979,"column":20},"end":{"line":981,"column":null}},"416":{"start":{"line":991,"column":33},"end":{"line":991,"column":null}},"417":{"start":{"line":1002,"column":33},"end":{"line":1002,"column":null}},"418":{"start":{"line":1034,"column":33},"end":{"line":1034,"column":null}},"419":{"start":{"line":1046,"column":35},"end":{"line":1046,"column":null}},"420":{"start":{"line":1054,"column":64},"end":{"line":1054,"column":null}},"421":{"start":{"line":1067,"column":63},"end":{"line":1067,"column":null}},"422":{"start":{"line":1072,"column":42},"end":{"line":1072,"column":60}},"423":{"start":{"line":1073,"column":20},"end":{"line":1073,"column":null}},"424":{"start":{"line":1084,"column":35},"end":{"line":1084,"column":null}},"425":{"start":{"line":1094,"column":35},"end":{"line":1094,"column":null}},"426":{"start":{"line":1101,"column":72},"end":{"line":1101,"column":null}},"427":{"start":{"line":1108,"column":20},"end":{"line":1110,"column":null}},"428":{"start":{"line":1144,"column":20},"end":{"line":1183,"column":null}},"429":{"start":{"line":1169,"column":41},"end":{"line":1169,"column":null}},"430":{"start":{"line":1177,"column":41},"end":{"line":1177,"column":null}},"431":{"start":{"line":1213,"column":22},"end":{"line":1213,"column":null}},"432":{"start":{"line":1214,"column":22},"end":{"line":1214,"column":null}},"433":{"start":{"line":1225,"column":22},"end":{"line":1225,"column":null}},"434":{"start":{"line":1226,"column":22},"end":{"line":1226,"column":null}},"435":{"start":{"line":1236,"column":22},"end":{"line":1236,"column":null}},"436":{"start":{"line":1237,"column":22},"end":{"line":1237,"column":null}},"437":{"start":{"line":1238,"column":22},"end":{"line":1238,"column":null}},"438":{"start":{"line":1266,"column":26},"end":{"line":1315,"column":null}},"439":{"start":{"line":1301,"column":47},"end":{"line":1301,"column":null}},"440":{"start":{"line":1309,"column":47},"end":{"line":1309,"column":null}},"441":{"start":{"line":1331,"column":41},"end":{"line":1331,"column":null}},"442":{"start":{"line":1331,"column":64},"end":{"line":1331,"column":85}},"443":{"start":{"line":1340,"column":41},"end":{"line":1340,"column":null}},"444":{"start":{"line":1340,"column":64},"end":{"line":1340,"column":94}},"445":{"start":{"line":1358,"column":23},"end":{"line":1358,"column":null}},"446":{"start":{"line":1375,"column":33},"end":{"line":1375,"column":null}},"447":{"start":{"line":1385,"column":35},"end":{"line":1385,"column":null}},"448":{"start":{"line":1392,"column":68},"end":{"line":1392,"column":null}},"449":{"start":{"line":1405,"column":67},"end":{"line":1405,"column":null}},"450":{"start":{"line":1410,"column":42},"end":{"line":1410,"column":64}},"451":{"start":{"line":1411,"column":20},"end":{"line":1411,"column":null}},"452":{"start":{"line":1422,"column":35},"end":{"line":1422,"column":null}},"453":{"start":{"line":1432,"column":35},"end":{"line":1432,"column":null}},"454":{"start":{"line":1439,"column":76},"end":{"line":1439,"column":null}},"455":{"start":{"line":1446,"column":20},"end":{"line":1448,"column":null}},"456":{"start":{"line":1454,"column":69},"end":{"line":1454,"column":93}},"457":{"start":{"line":1476,"column":33},"end":{"line":1476,"column":null}},"458":{"start":{"line":1486,"column":35},"end":{"line":1486,"column":null}},"459":{"start":{"line":1493,"column":70},"end":{"line":1493,"column":null}},"460":{"start":{"line":1508,"column":71},"end":{"line":1508,"column":null}},"461":{"start":{"line":1513,"column":44},"end":{"line":1513,"column":68}},"462":{"start":{"line":1514,"column":22},"end":{"line":1514,"column":null}},"463":{"start":{"line":1524,"column":35},"end":{"line":1524,"column":null}},"464":{"start":{"line":1532,"column":78},"end":{"line":1532,"column":null}},"465":{"start":{"line":1539,"column":20},"end":{"line":1541,"column":null}},"466":{"start":{"line":1550,"column":33},"end":{"line":1550,"column":null}},"467":{"start":{"line":1560,"column":33},"end":{"line":1560,"column":null}},"468":{"start":{"line":1568,"column":69},"end":{"line":1568,"column":95}},"469":{"start":{"line":1596,"column":44},"end":{"line":1596,"column":null}},"470":{"start":{"line":1619,"column":44},"end":{"line":1619,"column":null}},"471":{"start":{"line":1626,"column":34},"end":{"line":1626,"column":null}},"472":{"start":{"line":1627,"column":24},"end":{"line":1628,"column":null}},"473":{"start":{"line":1636,"column":57},"end":{"line":1636,"column":86}},"474":{"start":{"line":1641,"column":68},"end":{"line":1641,"column":83}},"475":{"start":{"line":1644,"column":101},"end":{"line":1644,"column":116}},"476":{"start":{"line":1663,"column":22},"end":{"line":1663,"column":null}},"477":{"start":{"line":1690,"column":26},"end":{"line":1694,"column":null}},"478":{"start":{"line":1691,"column":28},"end":{"line":1691,"column":null}},"479":{"start":{"line":1691,"column":70},"end":{"line":1691,"column":74}},"480":{"start":{"line":1693,"column":28},"end":{"line":1693,"column":null}},"481":{"start":{"line":1719,"column":22},"end":{"line":1728,"column":null}}},"fnMap":{"0":{"name":"(anonymous_0)","decl":{"start":{"line":14,"column":6},"end":{"line":14,"column":24}},"loc":{"start":{"line":14,"column":24},"end":{"line":33,"column":null}},"line":14},"1":{"name":"(anonymous_1)","decl":{"start":{"line":15,"column":13},"end":{"line":15,"column":22}},"loc":{"start":{"line":15,"column":42},"end":{"line":32,"column":3}},"line":15},"2":{"name":"(anonymous_2)","decl":{"start":{"line":22,"column":11},"end":{"line":22,"column":26}},"loc":{"start":{"line":22,"column":26},"end":{"line":29,"column":null}},"line":22},"3":{"name":"(anonymous_3)","decl":{"start":{"line":30,"column":11},"end":{"line":30,"column":22}},"loc":{"start":{"line":30,"column":30},"end":{"line":30,"column":null}},"line":30},"4":{"name":"(anonymous_4)","decl":{"start":{"line":35,"column":27},"end":{"line":35,"column":34}},"loc":{"start":{"line":35,"column":43},"end":{"line":47,"column":null}},"line":35},"5":{"name":"(anonymous_5)","decl":{"start":{"line":43,"column":39},"end":{"line":43,"column":43}},"loc":{"start":{"line":43,"column":51},"end":{"line":43,"column":59}},"line":43},"6":{"name":"(anonymous_6)","decl":{"start":{"line":49,"column":25},"end":{"line":49,"column":32}},"loc":{"start":{"line":49,"column":66},"end":{"line":58,"column":null}},"line":49},"7":{"name":"(anonymous_7)","decl":{"start":{"line":55,"column":14},"end":{"line":55,"column":22}},"loc":{"start":{"line":55,"column":33},"end":{"line":55,"column":59}},"line":55},"8":{"name":"(anonymous_8)","decl":{"start":{"line":60,"column":24},"end":{"line":60,"column":30}},"loc":{"start":{"line":68,"column":6},"end":{"line":262,"column":1}},"line":68},"9":{"name":"(anonymous_9)","decl":{"start":{"line":73,"column":2},"end":{"line":73,"column":18}},"loc":{"start":{"line":73,"column":18},"end":{"line":75,"column":5}},"line":73},"10":{"name":"(anonymous_10)","decl":{"start":{"line":77,"column":2},"end":{"line":77,"column":18}},"loc":{"start":{"line":77,"column":18},"end":{"line":79,"column":5}},"line":77},"11":{"name":"(anonymous_11)","decl":{"start":{"line":81,"column":2},"end":{"line":81,"column":18}},"loc":{"start":{"line":81,"column":18},"end":{"line":83,"column":5}},"line":81},"12":{"name":"(anonymous_12)","decl":{"start":{"line":85,"column":8},"end":{"line":85,"column":31}},"loc":{"start":{"line":85,"column":31},"end":{"line":89,"column":null}},"line":85},"13":{"name":"(anonymous_13)","decl":{"start":{"line":91,"column":8},"end":{"line":91,"column":33}},"loc":{"start":{"line":91,"column":33},"end":{"line":96,"column":null}},"line":91},"14":{"name":"(anonymous_14)","decl":{"start":{"line":98,"column":8},"end":{"line":98,"column":31}},"loc":{"start":{"line":98,"column":31},"end":{"line":102,"column":null}},"line":98},"15":{"name":"(anonymous_15)","decl":{"start":{"line":115,"column":10},"end":{"line":115,"column":21}},"loc":{"start":{"line":115,"column":27},"end":{"line":115,"column":null}},"line":115},"16":{"name":"(anonymous_16)","decl":{"start":{"line":125,"column":10},"end":{"line":125,"column":21}},"loc":{"start":{"line":125,"column":27},"end":{"line":125,"column":null}},"line":125},"17":{"name":"(anonymous_17)","decl":{"start":{"line":139,"column":10},"end":{"line":139,"column":21}},"loc":{"start":{"line":139,"column":27},"end":{"line":139,"column":null}},"line":139},"18":{"name":"(anonymous_18)","decl":{"start":{"line":149,"column":10},"end":{"line":149,"column":21}},"loc":{"start":{"line":149,"column":27},"end":{"line":149,"column":null}},"line":149},"19":{"name":"(anonymous_19)","decl":{"start":{"line":160,"column":10},"end":{"line":160,"column":26}},"loc":{"start":{"line":160,"column":34},"end":{"line":160,"column":null}},"line":160},"20":{"name":"(anonymous_20)","decl":{"start":{"line":166,"column":24},"end":{"line":166,"column":31}},"loc":{"start":{"line":166,"column":36},"end":{"line":166,"column":56}},"line":166},"21":{"name":"(anonymous_21)","decl":{"start":{"line":166,"column":58},"end":{"line":166,"column":63}},"loc":{"start":{"line":167,"column":14},"end":{"line":167,"column":null}},"line":167},"22":{"name":"(anonymous_22)","decl":{"start":{"line":178,"column":10},"end":{"line":178,"column":21}},"loc":{"start":{"line":178,"column":27},"end":{"line":178,"column":null}},"line":178},"23":{"name":"(anonymous_23)","decl":{"start":{"line":188,"column":10},"end":{"line":188,"column":26}},"loc":{"start":{"line":188,"column":34},"end":{"line":188,"column":null}},"line":188},"24":{"name":"(anonymous_24)","decl":{"start":{"line":195,"column":27},"end":{"line":195,"column":32}},"loc":{"start":{"line":196,"column":14},"end":{"line":196,"column":null}},"line":196},"25":{"name":"(anonymous_25)","decl":{"start":{"line":209,"column":14},"end":{"line":209,"column":25}},"loc":{"start":{"line":209,"column":31},"end":{"line":209,"column":null}},"line":209},"26":{"name":"(anonymous_26)","decl":{"start":{"line":221,"column":16},"end":{"line":221,"column":27}},"loc":{"start":{"line":221,"column":33},"end":{"line":224,"column":null}},"line":221},"27":{"name":"(anonymous_27)","decl":{"start":{"line":232,"column":16},"end":{"line":232,"column":27}},"loc":{"start":{"line":232,"column":33},"end":{"line":235,"column":null}},"line":232},"28":{"name":"(anonymous_28)","decl":{"start":{"line":254,"column":10},"end":{"line":254,"column":25}},"loc":{"start":{"line":254,"column":25},"end":{"line":254,"column":null}},"line":254},"29":{"name":"TransactionsTab","decl":{"start":{"line":264,"column":24},"end":{"line":264,"column":42}},"loc":{"start":{"line":264,"column":42},"end":{"line":1759,"column":null}},"line":264},"30":{"name":"(anonymous_30)","decl":{"start":{"line":348,"column":31},"end":{"line":348,"column":45}},"loc":{"start":{"line":348,"column":45},"end":{"line":354,"column":5}},"line":348},"31":{"name":"(anonymous_31)","decl":{"start":{"line":349,"column":24},"end":{"line":349,"column":31}},"loc":{"start":{"line":349,"column":36},"end":{"line":353,"column":5}},"line":349},"32":{"name":"(anonymous_32)","decl":{"start":{"line":357,"column":21},"end":{"line":357,"column":35}},"loc":{"start":{"line":357,"column":35},"end":{"line":357,"column":97}},"line":357},"33":{"name":"(anonymous_33)","decl":{"start":{"line":360,"column":32},"end":{"line":360,"column":46}},"loc":{"start":{"line":360,"column":46},"end":{"line":365,"column":5}},"line":360},"34":{"name":"(anonymous_34)","decl":{"start":{"line":367,"column":8},"end":{"line":367,"column":30}},"loc":{"start":{"line":367,"column":39},"end":{"line":377,"column":null}},"line":367},"35":{"name":"(anonymous_35)","decl":{"start":{"line":379,"column":8},"end":{"line":379,"column":32}},"loc":{"start":{"line":379,"column":38},"end":{"line":390,"column":null}},"line":379},"36":{"name":"(anonymous_36)","decl":{"start":{"line":392,"column":28},"end":{"line":392,"column":35}},"loc":{"start":{"line":392,"column":41},"end":{"line":413,"column":null}},"line":392},"37":{"name":"(anonymous_37)","decl":{"start":{"line":415,"column":30},"end":{"line":415,"column":37}},"loc":{"start":{"line":415,"column":43},"end":{"line":437,"column":null}},"line":415},"38":{"name":"(anonymous_38)","decl":{"start":{"line":441,"column":8},"end":{"line":441,"column":26}},"loc":{"start":{"line":441,"column":34},"end":{"line":443,"column":null}},"line":441},"39":{"name":"(anonymous_39)","decl":{"start":{"line":445,"column":25},"end":{"line":445,"column":32}},"loc":{"start":{"line":445,"column":38},"end":{"line":470,"column":null}},"line":445},"40":{"name":"(anonymous_40)","decl":{"start":{"line":472,"column":23},"end":{"line":472,"column":30}},"loc":{"start":{"line":472,"column":36},"end":{"line":496,"column":null}},"line":472},"41":{"name":"(anonymous_41)","decl":{"start":{"line":498,"column":8},"end":{"line":498,"column":30}},"loc":{"start":{"line":498,"column":58},"end":{"line":504,"column":null}},"line":498},"42":{"name":"(anonymous_42)","decl":{"start":{"line":506,"column":8},"end":{"line":506,"column":28}},"loc":{"start":{"line":506,"column":56},"end":{"line":512,"column":null}},"line":506},"43":{"name":"(anonymous_43)","decl":{"start":{"line":514,"column":24},"end":{"line":514,"column":36}},"loc":{"start":{"line":514,"column":36},"end":{"line":529,"column":null}},"line":514},"44":{"name":"(anonymous_44)","decl":{"start":{"line":531,"column":33},"end":{"line":531,"column":46}},"loc":{"start":{"line":531,"column":61},"end":{"line":533,"column":5}},"line":531},"45":{"name":"(anonymous_45)","decl":{"start":{"line":532,"column":4},"end":{"line":532,"column":19}},"loc":{"start":{"line":532,"column":27},"end":{"line":532,"column":91}},"line":532},"46":{"name":"(anonymous_46)","decl":{"start":{"line":532,"column":32},"end":{"line":532,"column":36}},"loc":{"start":{"line":532,"column":44},"end":{"line":532,"column":90}},"line":532},"47":{"name":"(anonymous_47)","decl":{"start":{"line":535,"column":29},"end":{"line":535,"column":42}},"loc":{"start":{"line":535,"column":58},"end":{"line":541,"column":5}},"line":535},"48":{"name":"(anonymous_48)","decl":{"start":{"line":537,"column":6},"end":{"line":537,"column":27}},"loc":{"start":{"line":537,"column":35},"end":{"line":537,"column":48}},"line":537},"49":{"name":"(anonymous_49)","decl":{"start":{"line":539,"column":6},"end":{"line":539,"column":27}},"loc":{"start":{"line":539,"column":35},"end":{"line":539,"column":67}},"line":539},"50":{"name":"(anonymous_50)","decl":{"start":{"line":539,"column":40},"end":{"line":539,"column":47}},"loc":{"start":{"line":539,"column":55},"end":{"line":539,"column":66}},"line":539},"51":{"name":"(anonymous_51)","decl":{"start":{"line":543,"column":33},"end":{"line":543,"column":46}},"loc":{"start":{"line":543,"column":53},"end":{"line":546,"column":5}},"line":543},"52":{"name":"(anonymous_52)","decl":{"start":{"line":544,"column":4},"end":{"line":544,"column":19}},"loc":{"start":{"line":544,"column":27},"end":{"line":544,"column":62}},"line":544},"53":{"name":"(anonymous_53)","decl":{"start":{"line":544,"column":32},"end":{"line":544,"column":39}},"loc":{"start":{"line":544,"column":47},"end":{"line":544,"column":61}},"line":544},"54":{"name":"(anonymous_54)","decl":{"start":{"line":545,"column":4},"end":{"line":545,"column":25}},"loc":{"start":{"line":545,"column":33},"end":{"line":545,"column":65}},"line":545},"55":{"name":"(anonymous_55)","decl":{"start":{"line":545,"column":38},"end":{"line":545,"column":45}},"loc":{"start":{"line":545,"column":53},"end":{"line":545,"column":64}},"line":545},"56":{"name":"(anonymous_56)","decl":{"start":{"line":548,"column":8},"end":{"line":548,"column":37}},"loc":{"start":{"line":548,"column":59},"end":{"line":588,"column":null}},"line":548},"57":{"name":"(anonymous_57)","decl":{"start":{"line":552,"column":4},"end":{"line":552,"column":19}},"loc":{"start":{"line":552,"column":27},"end":{"line":587,"column":6}},"line":552},"58":{"name":"(anonymous_58)","decl":{"start":{"line":552,"column":32},"end":{"line":552,"column":36}},"loc":{"start":{"line":552,"column":44},"end":{"line":587,"column":5}},"line":552},"59":{"name":"(anonymous_59)","decl":{"start":{"line":590,"column":26},"end":{"line":590,"column":33}},"loc":{"start":{"line":590,"column":39},"end":{"line":808,"column":null}},"line":590},"60":{"name":"(anonymous_60)","decl":{"start":{"line":607,"column":9},"end":{"line":607,"column":16}},"loc":{"start":{"line":607,"column":21},"end":{"line":607,"column":41}},"line":607},"61":{"name":"(anonymous_61)","decl":{"start":{"line":608,"column":9},"end":{"line":608,"column":13}},"loc":{"start":{"line":608,"column":18},"end":{"line":608,"column":52}},"line":608},"62":{"name":"(anonymous_62)","decl":{"start":{"line":651,"column":23},"end":{"line":651,"column":46}},"loc":{"start":{"line":651,"column":46},"end":{"line":654,"column":10}},"line":651},"63":{"name":"(anonymous_63)","decl":{"start":{"line":663,"column":25},"end":{"line":663,"column":48}},"loc":{"start":{"line":663,"column":48},"end":{"line":666,"column":12}},"line":663},"64":{"name":"(anonymous_64)","decl":{"start":{"line":674,"column":25},"end":{"line":674,"column":48}},"loc":{"start":{"line":674,"column":48},"end":{"line":677,"column":12}},"line":674},"65":{"name":"(anonymous_65)","decl":{"start":{"line":691,"column":9},"end":{"line":691,"column":13}},"loc":{"start":{"line":691,"column":18},"end":{"line":691,"column":24}},"line":691},"66":{"name":"(anonymous_66)","decl":{"start":{"line":692,"column":9},"end":{"line":692,"column":16}},"loc":{"start":{"line":692,"column":21},"end":{"line":692,"column":55}},"line":692},"67":{"name":"(anonymous_67)","decl":{"start":{"line":710,"column":37},"end":{"line":710,"column":42}},"loc":{"start":{"line":710,"column":55},"end":{"line":788,"column":7}},"line":710},"68":{"name":"(anonymous_68)","decl":{"start":{"line":712,"column":43},"end":{"line":712,"column":49}},"loc":{"start":{"line":712,"column":58},"end":{"line":735,"column":9}},"line":712},"69":{"name":"(anonymous_69)","decl":{"start":{"line":810,"column":8},"end":{"line":810,"column":33}},"loc":{"start":{"line":810,"column":33},"end":{"line":813,"column":null}},"line":810},"70":{"name":"(anonymous_70)","decl":{"start":{"line":811,"column":4},"end":{"line":811,"column":19}},"loc":{"start":{"line":811,"column":27},"end":{"line":811,"column":84}},"line":811},"71":{"name":"(anonymous_71)","decl":{"start":{"line":811,"column":32},"end":{"line":811,"column":39}},"loc":{"start":{"line":811,"column":47},"end":{"line":811,"column":83}},"line":811},"72":{"name":"(anonymous_72)","decl":{"start":{"line":815,"column":8},"end":{"line":815,"column":34}},"loc":{"start":{"line":815,"column":47},"end":{"line":825,"column":null}},"line":815},"73":{"name":"(anonymous_73)","decl":{"start":{"line":818,"column":4},"end":{"line":818,"column":19}},"loc":{"start":{"line":818,"column":27},"end":{"line":823,"column":6}},"line":818},"74":{"name":"(anonymous_74)","decl":{"start":{"line":818,"column":32},"end":{"line":818,"column":36}},"loc":{"start":{"line":818,"column":44},"end":{"line":823,"column":5}},"line":818},"75":{"name":"(anonymous_75)","decl":{"start":{"line":827,"column":27},"end":{"line":827,"column":39}},"loc":{"start":{"line":827,"column":39},"end":{"line":873,"column":null}},"line":827},"76":{"name":"(anonymous_76)","decl":{"start":{"line":828,"column":36},"end":{"line":828,"column":43}},"loc":{"start":{"line":828,"column":48},"end":{"line":828,"column":63}},"line":828},"77":{"name":"(anonymous_77)","decl":{"start":{"line":907,"column":16},"end":{"line":907,"column":27}},"loc":{"start":{"line":907,"column":33},"end":{"line":907,"column":null}},"line":907},"78":{"name":"(anonymous_78)","decl":{"start":{"line":919,"column":16},"end":{"line":919,"column":27}},"loc":{"start":{"line":919,"column":33},"end":{"line":919,"column":null}},"line":919},"79":{"name":"(anonymous_79)","decl":{"start":{"line":928,"column":35},"end":{"line":928,"column":51}},"loc":{"start":{"line":928,"column":59},"end":{"line":928,"column":null}},"line":928},"80":{"name":"(anonymous_80)","decl":{"start":{"line":942,"column":41},"end":{"line":942,"column":57}},"loc":{"start":{"line":942,"column":65},"end":{"line":942,"column":null}},"line":942},"81":{"name":"(anonymous_81)","decl":{"start":{"line":947,"column":30},"end":{"line":947,"column":37}},"loc":{"start":{"line":947,"column":42},"end":{"line":947,"column":57}},"line":947},"82":{"name":"(anonymous_82)","decl":{"start":{"line":947,"column":59},"end":{"line":947,"column":64}},"loc":{"start":{"line":948,"column":20},"end":{"line":953,"column":null}},"line":948},"83":{"name":"(anonymous_83)","decl":{"start":{"line":964,"column":16},"end":{"line":964,"column":27}},"loc":{"start":{"line":964,"column":33},"end":{"line":964,"column":null}},"line":964},"84":{"name":"(anonymous_84)","decl":{"start":{"line":972,"column":45},"end":{"line":972,"column":61}},"loc":{"start":{"line":972,"column":69},"end":{"line":972,"column":null}},"line":972},"85":{"name":"(anonymous_85)","decl":{"start":{"line":978,"column":33},"end":{"line":978,"column":38}},"loc":{"start":{"line":979,"column":20},"end":{"line":981,"column":null}},"line":979},"86":{"name":"(anonymous_86)","decl":{"start":{"line":991,"column":16},"end":{"line":991,"column":27}},"loc":{"start":{"line":991,"column":33},"end":{"line":991,"column":null}},"line":991},"87":{"name":"(anonymous_87)","decl":{"start":{"line":1002,"column":16},"end":{"line":1002,"column":27}},"loc":{"start":{"line":1002,"column":33},"end":{"line":1002,"column":null}},"line":1002},"88":{"name":"(anonymous_88)","decl":{"start":{"line":1034,"column":16},"end":{"line":1034,"column":27}},"loc":{"start":{"line":1034,"column":33},"end":{"line":1034,"column":null}},"line":1034},"89":{"name":"(anonymous_89)","decl":{"start":{"line":1046,"column":18},"end":{"line":1046,"column":29}},"loc":{"start":{"line":1046,"column":35},"end":{"line":1046,"column":null}},"line":1046},"90":{"name":"(anonymous_90)","decl":{"start":{"line":1054,"column":40},"end":{"line":1054,"column":56}},"loc":{"start":{"line":1054,"column":64},"end":{"line":1054,"column":null}},"line":1054},"91":{"name":"(anonymous_91)","decl":{"start":{"line":1067,"column":39},"end":{"line":1067,"column":55}},"loc":{"start":{"line":1067,"column":63},"end":{"line":1067,"column":null}},"line":1067},"92":{"name":"(anonymous_92)","decl":{"start":{"line":1072,"column":30},"end":{"line":1072,"column":37}},"loc":{"start":{"line":1072,"column":42},"end":{"line":1072,"column":60}},"line":1072},"93":{"name":"(anonymous_93)","decl":{"start":{"line":1072,"column":62},"end":{"line":1072,"column":67}},"loc":{"start":{"line":1073,"column":20},"end":{"line":1073,"column":null}},"line":1073},"94":{"name":"(anonymous_94)","decl":{"start":{"line":1084,"column":18},"end":{"line":1084,"column":29}},"loc":{"start":{"line":1084,"column":35},"end":{"line":1084,"column":null}},"line":1084},"95":{"name":"(anonymous_95)","decl":{"start":{"line":1094,"column":18},"end":{"line":1094,"column":29}},"loc":{"start":{"line":1094,"column":35},"end":{"line":1094,"column":null}},"line":1094},"96":{"name":"(anonymous_96)","decl":{"start":{"line":1101,"column":48},"end":{"line":1101,"column":64}},"loc":{"start":{"line":1101,"column":72},"end":{"line":1101,"column":null}},"line":1101},"97":{"name":"(anonymous_97)","decl":{"start":{"line":1107,"column":33},"end":{"line":1107,"column":38}},"loc":{"start":{"line":1108,"column":20},"end":{"line":1110,"column":null}},"line":1108},"98":{"name":"(anonymous_98)","decl":{"start":{"line":1143,"column":33},"end":{"line":1143,"column":38}},"loc":{"start":{"line":1144,"column":20},"end":{"line":1183,"column":null}},"line":1144},"99":{"name":"(anonymous_99)","decl":{"start":{"line":1169,"column":26},"end":{"line":1169,"column":41}},"loc":{"start":{"line":1169,"column":41},"end":{"line":1169,"column":null}},"line":1169},"100":{"name":"(anonymous_100)","decl":{"start":{"line":1177,"column":26},"end":{"line":1177,"column":41}},"loc":{"start":{"line":1177,"column":41},"end":{"line":1177,"column":null}},"line":1177},"101":{"name":"(anonymous_101)","decl":{"start":{"line":1212,"column":20},"end":{"line":1212,"column":31}},"loc":{"start":{"line":1212,"column":37},"end":{"line":1215,"column":null}},"line":1212},"102":{"name":"(anonymous_102)","decl":{"start":{"line":1224,"column":20},"end":{"line":1224,"column":31}},"loc":{"start":{"line":1224,"column":37},"end":{"line":1227,"column":null}},"line":1224},"103":{"name":"(anonymous_103)","decl":{"start":{"line":1235,"column":20},"end":{"line":1235,"column":35}},"loc":{"start":{"line":1235,"column":35},"end":{"line":1239,"column":null}},"line":1235},"104":{"name":"(anonymous_104)","decl":{"start":{"line":1265,"column":47},"end":{"line":1265,"column":52}},"loc":{"start":{"line":1266,"column":26},"end":{"line":1315,"column":null}},"line":1266},"105":{"name":"(anonymous_105)","decl":{"start":{"line":1301,"column":32},"end":{"line":1301,"column":47}},"loc":{"start":{"line":1301,"column":47},"end":{"line":1301,"column":null}},"line":1301},"106":{"name":"(anonymous_106)","decl":{"start":{"line":1309,"column":32},"end":{"line":1309,"column":47}},"loc":{"start":{"line":1309,"column":47},"end":{"line":1309,"column":null}},"line":1309},"107":{"name":"(anonymous_107)","decl":{"start":{"line":1331,"column":26},"end":{"line":1331,"column":41}},"loc":{"start":{"line":1331,"column":41},"end":{"line":1331,"column":null}},"line":1331},"108":{"name":"(anonymous_108)","decl":{"start":{"line":1331,"column":41},"end":{"line":1331,"column":56}},"loc":{"start":{"line":1331,"column":64},"end":{"line":1331,"column":85}},"line":1331},"109":{"name":"(anonymous_109)","decl":{"start":{"line":1340,"column":26},"end":{"line":1340,"column":41}},"loc":{"start":{"line":1340,"column":41},"end":{"line":1340,"column":null}},"line":1340},"110":{"name":"(anonymous_110)","decl":{"start":{"line":1340,"column":41},"end":{"line":1340,"column":56}},"loc":{"start":{"line":1340,"column":64},"end":{"line":1340,"column":94}},"line":1340},"111":{"name":"(anonymous_111)","decl":{"start":{"line":1358,"column":8},"end":{"line":1358,"column":23}},"loc":{"start":{"line":1358,"column":23},"end":{"line":1358,"column":null}},"line":1358},"112":{"name":"(anonymous_112)","decl":{"start":{"line":1375,"column":16},"end":{"line":1375,"column":27}},"loc":{"start":{"line":1375,"column":33},"end":{"line":1375,"column":null}},"line":1375},"113":{"name":"(anonymous_113)","decl":{"start":{"line":1385,"column":18},"end":{"line":1385,"column":29}},"loc":{"start":{"line":1385,"column":35},"end":{"line":1385,"column":null}},"line":1385},"114":{"name":"(anonymous_114)","decl":{"start":{"line":1392,"column":44},"end":{"line":1392,"column":60}},"loc":{"start":{"line":1392,"column":68},"end":{"line":1392,"column":null}},"line":1392},"115":{"name":"(anonymous_115)","decl":{"start":{"line":1405,"column":43},"end":{"line":1405,"column":59}},"loc":{"start":{"line":1405,"column":67},"end":{"line":1405,"column":null}},"line":1405},"116":{"name":"(anonymous_116)","decl":{"start":{"line":1410,"column":30},"end":{"line":1410,"column":37}},"loc":{"start":{"line":1410,"column":42},"end":{"line":1410,"column":64}},"line":1410},"117":{"name":"(anonymous_117)","decl":{"start":{"line":1410,"column":66},"end":{"line":1410,"column":71}},"loc":{"start":{"line":1411,"column":20},"end":{"line":1411,"column":null}},"line":1411},"118":{"name":"(anonymous_118)","decl":{"start":{"line":1422,"column":18},"end":{"line":1422,"column":29}},"loc":{"start":{"line":1422,"column":35},"end":{"line":1422,"column":null}},"line":1422},"119":{"name":"(anonymous_119)","decl":{"start":{"line":1432,"column":18},"end":{"line":1432,"column":29}},"loc":{"start":{"line":1432,"column":35},"end":{"line":1432,"column":null}},"line":1432},"120":{"name":"(anonymous_120)","decl":{"start":{"line":1439,"column":52},"end":{"line":1439,"column":68}},"loc":{"start":{"line":1439,"column":76},"end":{"line":1439,"column":null}},"line":1439},"121":{"name":"(anonymous_121)","decl":{"start":{"line":1445,"column":33},"end":{"line":1445,"column":38}},"loc":{"start":{"line":1446,"column":20},"end":{"line":1448,"column":null}},"line":1446},"122":{"name":"(anonymous_122)","decl":{"start":{"line":1454,"column":54},"end":{"line":1454,"column":69}},"loc":{"start":{"line":1454,"column":69},"end":{"line":1454,"column":93}},"line":1454},"123":{"name":"(anonymous_123)","decl":{"start":{"line":1476,"column":16},"end":{"line":1476,"column":27}},"loc":{"start":{"line":1476,"column":33},"end":{"line":1476,"column":null}},"line":1476},"124":{"name":"(anonymous_124)","decl":{"start":{"line":1486,"column":18},"end":{"line":1486,"column":29}},"loc":{"start":{"line":1486,"column":35},"end":{"line":1486,"column":null}},"line":1486},"125":{"name":"(anonymous_125)","decl":{"start":{"line":1493,"column":46},"end":{"line":1493,"column":62}},"loc":{"start":{"line":1493,"column":70},"end":{"line":1493,"column":null}},"line":1493},"126":{"name":"(anonymous_126)","decl":{"start":{"line":1508,"column":47},"end":{"line":1508,"column":63}},"loc":{"start":{"line":1508,"column":71},"end":{"line":1508,"column":null}},"line":1508},"127":{"name":"(anonymous_127)","decl":{"start":{"line":1513,"column":32},"end":{"line":1513,"column":39}},"loc":{"start":{"line":1513,"column":44},"end":{"line":1513,"column":68}},"line":1513},"128":{"name":"(anonymous_128)","decl":{"start":{"line":1513,"column":70},"end":{"line":1513,"column":75}},"loc":{"start":{"line":1514,"column":22},"end":{"line":1514,"column":null}},"line":1514},"129":{"name":"(anonymous_129)","decl":{"start":{"line":1524,"column":18},"end":{"line":1524,"column":29}},"loc":{"start":{"line":1524,"column":35},"end":{"line":1524,"column":null}},"line":1524},"130":{"name":"(anonymous_130)","decl":{"start":{"line":1532,"column":54},"end":{"line":1532,"column":70}},"loc":{"start":{"line":1532,"column":78},"end":{"line":1532,"column":null}},"line":1532},"131":{"name":"(anonymous_131)","decl":{"start":{"line":1538,"column":33},"end":{"line":1538,"column":38}},"loc":{"start":{"line":1539,"column":20},"end":{"line":1541,"column":null}},"line":1539},"132":{"name":"(anonymous_132)","decl":{"start":{"line":1550,"column":16},"end":{"line":1550,"column":27}},"loc":{"start":{"line":1550,"column":33},"end":{"line":1550,"column":null}},"line":1550},"133":{"name":"(anonymous_133)","decl":{"start":{"line":1560,"column":16},"end":{"line":1560,"column":27}},"loc":{"start":{"line":1560,"column":33},"end":{"line":1560,"column":null}},"line":1560},"134":{"name":"(anonymous_134)","decl":{"start":{"line":1568,"column":54},"end":{"line":1568,"column":69}},"loc":{"start":{"line":1568,"column":69},"end":{"line":1568,"column":95}},"line":1568},"135":{"name":"(anonymous_135)","decl":{"start":{"line":1596,"column":20},"end":{"line":1596,"column":36}},"loc":{"start":{"line":1596,"column":44},"end":{"line":1596,"column":null}},"line":1596},"136":{"name":"(anonymous_136)","decl":{"start":{"line":1619,"column":20},"end":{"line":1619,"column":36}},"loc":{"start":{"line":1619,"column":44},"end":{"line":1619,"column":null}},"line":1619},"137":{"name":"(anonymous_137)","decl":{"start":{"line":1625,"column":46},"end":{"line":1625,"column":50}},"loc":{"start":{"line":1625,"column":59},"end":{"line":1630,"column":23}},"line":1625},"138":{"name":"(anonymous_138)","decl":{"start":{"line":1636,"column":42},"end":{"line":1636,"column":57}},"loc":{"start":{"line":1636,"column":57},"end":{"line":1636,"column":86}},"line":1636},"139":{"name":"(anonymous_139)","decl":{"start":{"line":1641,"column":56},"end":{"line":1641,"column":63}},"loc":{"start":{"line":1641,"column":68},"end":{"line":1641,"column":83}},"line":1641},"140":{"name":"(anonymous_140)","decl":{"start":{"line":1644,"column":89},"end":{"line":1644,"column":96}},"loc":{"start":{"line":1644,"column":101},"end":{"line":1644,"column":116}},"line":1644},"141":{"name":"(anonymous_141)","decl":{"start":{"line":1662,"column":35},"end":{"line":1662,"column":39}},"loc":{"start":{"line":1663,"column":22},"end":{"line":1663,"column":null}},"line":1663},"142":{"name":"(anonymous_142)","decl":{"start":{"line":1689,"column":24},"end":{"line":1689,"column":35}},"loc":{"start":{"line":1689,"column":41},"end":{"line":1695,"column":null}},"line":1689},"143":{"name":"(anonymous_143)","decl":{"start":{"line":1691,"column":61},"end":{"line":1691,"column":65}},"loc":{"start":{"line":1691,"column":70},"end":{"line":1691,"column":74}},"line":1691},"144":{"name":"(anonymous_144)","decl":{"start":{"line":1718,"column":32},"end":{"line":1718,"column":37}},"loc":{"start":{"line":1719,"column":22},"end":{"line":1728,"column":null}},"line":1719}},"branchMap":{"0":{"loc":{"start":{"line":16,"column":4},"end":{"line":19,"column":null}},"type":"if","locations":[{"start":{"line":16,"column":4},"end":{"line":19,"column":null}},{"start":{},"end":{}}],"line":16},"1":{"loc":{"start":{"line":23,"column":6},"end":{"line":28,"column":null}},"type":"if","locations":[{"start":{"line":23,"column":6},"end":{"line":28,"column":null}},{"start":{"line":26,"column":13},"end":{"line":28,"column":null}}],"line":23},"2":{"loc":{"start":{"line":49,"column":36},"end":{"line":49,"column":49}},"type":"default-arg","locations":[{"start":{"line":49,"column":46},"end":{"line":49,"column":49}}],"line":49},"3":{"loc":{"start":{"line":49,"column":49},"end":{"line":49,"column":66}},"type":"default-arg","locations":[{"start":{"line":49,"column":57},"end":{"line":49,"column":66}}],"line":49},"4":{"loc":{"start":{"line":53,"column":4},"end":{"line":53,"column":null}},"type":"if","locations":[{"start":{"line":53,"column":4},"end":{"line":53,"column":null}},{"start":{},"end":{}}],"line":53},"5":{"loc":{"start":{"line":86,"column":4},"end":{"line":88,"column":null}},"type":"if","locations":[{"start":{"line":86,"column":4},"end":{"line":88,"column":null}},{"start":{},"end":{}}],"line":86},"6":{"loc":{"start":{"line":93,"column":4},"end":{"line":95,"column":null}},"type":"if","locations":[{"start":{"line":93,"column":4},"end":{"line":95,"column":null}},{"start":{},"end":{}}],"line":93},"7":{"loc":{"start":{"line":99,"column":4},"end":{"line":101,"column":null}},"type":"if","locations":[{"start":{"line":99,"column":4},"end":{"line":101,"column":null}},{"start":{},"end":{}}],"line":99},"8":{"loc":{"start":{"line":107,"column":8},"end":{"line":107,"column":null}},"type":"cond-expr","locations":[{"start":{"line":107,"column":37},"end":{"line":107,"column":77}},{"start":{"line":107,"column":77},"end":{"line":107,"column":null}}],"line":107},"9":{"loc":{"start":{"line":108,"column":10},"end":{"line":108,"column":null}},"type":"cond-expr","locations":[{"start":{"line":108,"column":23},"end":{"line":108,"column":67}},{"start":{"line":108,"column":67},"end":{"line":108,"column":null}}],"line":108},"10":{"loc":{"start":{"line":187,"column":17},"end":{"line":187,"column":null}},"type":"binary-expr","locations":[{"start":{"line":187,"column":17},"end":{"line":187,"column":42}},{"start":{"line":187,"column":42},"end":{"line":187,"column":null}}],"line":187},"11":{"loc":{"start":{"line":188,"column":72},"end":{"line":188,"column":98}},"type":"cond-expr","locations":[{"start":{"line":188,"column":89},"end":{"line":188,"column":94}},{"start":{"line":188,"column":94},"end":{"line":188,"column":98}}],"line":188},"12":{"loc":{"start":{"line":215,"column":11},"end":{"line":239,"column":null}},"type":"binary-expr","locations":[{"start":{"line":215,"column":11},"end":{"line":215,"column":null}},{"start":{"line":216,"column":12},"end":{"line":239,"column":null}}],"line":215},"13":{"loc":{"start":{"line":220,"column":23},"end":{"line":220,"column":null}},"type":"binary-expr","locations":[{"start":{"line":220,"column":23},"end":{"line":220,"column":52}},{"start":{"line":220,"column":52},"end":{"line":220,"column":null}}],"line":220},"14":{"loc":{"start":{"line":222,"column":30},"end":{"line":222,"column":null}},"type":"binary-expr","locations":[{"start":{"line":222,"column":30},"end":{"line":222,"column":58}},{"start":{"line":222,"column":58},"end":{"line":222,"column":null}}],"line":222},"15":{"loc":{"start":{"line":231,"column":23},"end":{"line":231,"column":null}},"type":"binary-expr","locations":[{"start":{"line":231,"column":23},"end":{"line":231,"column":50}},{"start":{"line":231,"column":50},"end":{"line":231,"column":null}}],"line":231},"16":{"loc":{"start":{"line":233,"column":30},"end":{"line":233,"column":null}},"type":"binary-expr","locations":[{"start":{"line":233,"column":30},"end":{"line":233,"column":58}},{"start":{"line":233,"column":58},"end":{"line":233,"column":null}}],"line":233},"17":{"loc":{"start":{"line":241,"column":11},"end":{"line":244,"column":null}},"type":"binary-expr","locations":[{"start":{"line":241,"column":11},"end":{"line":241,"column":null}},{"start":{"line":242,"column":12},"end":{"line":244,"column":null}}],"line":241},"18":{"loc":{"start":{"line":350,"column":6},"end":{"line":350,"column":null}},"type":"if","locations":[{"start":{"line":350,"column":6},"end":{"line":350,"column":null}},{"start":{},"end":{}}],"line":350},"19":{"loc":{"start":{"line":350,"column":10},"end":{"line":350,"column":55}},"type":"binary-expr","locations":[{"start":{"line":350,"column":10},"end":{"line":350,"column":29}},{"start":{"line":350,"column":29},"end":{"line":350,"column":55}}],"line":350},"20":{"loc":{"start":{"line":351,"column":6},"end":{"line":351,"column":null}},"type":"if","locations":[{"start":{"line":351,"column":6},"end":{"line":351,"column":null}},{"start":{},"end":{}}],"line":351},"21":{"loc":{"start":{"line":351,"column":10},"end":{"line":351,"column":51}},"type":"binary-expr","locations":[{"start":{"line":351,"column":10},"end":{"line":351,"column":27}},{"start":{"line":351,"column":27},"end":{"line":351,"column":51}}],"line":351},"22":{"loc":{"start":{"line":357,"column":35},"end":{"line":357,"column":97}},"type":"binary-expr","locations":[{"start":{"line":357,"column":35},"end":{"line":357,"column":94}},{"start":{"line":357,"column":94},"end":{"line":357,"column":97}}],"line":357},"23":{"loc":{"start":{"line":372,"column":20},"end":{"line":372,"column":42}},"type":"binary-expr","locations":[{"start":{"line":372,"column":20},"end":{"line":372,"column":40}},{"start":{"line":372,"column":40},"end":{"line":372,"column":42}}],"line":372},"24":{"loc":{"start":{"line":374,"column":22},"end":{"line":374,"column":41}},"type":"binary-expr","locations":[{"start":{"line":374,"column":22},"end":{"line":374,"column":39}},{"start":{"line":374,"column":39},"end":{"line":374,"column":41}}],"line":374},"25":{"loc":{"start":{"line":375,"column":29},"end":{"line":375,"column":60}},"type":"binary-expr","locations":[{"start":{"line":375,"column":29},"end":{"line":375,"column":54}},{"start":{"line":375,"column":54},"end":{"line":375,"column":60}}],"line":375},"26":{"loc":{"start":{"line":384,"column":22},"end":{"line":384,"column":41}},"type":"binary-expr","locations":[{"start":{"line":384,"column":22},"end":{"line":384,"column":39}},{"start":{"line":384,"column":39},"end":{"line":384,"column":41}}],"line":384},"27":{"loc":{"start":{"line":386,"column":31},"end":{"line":386,"column":59}},"type":"binary-expr","locations":[{"start":{"line":386,"column":31},"end":{"line":386,"column":53}},{"start":{"line":386,"column":53},"end":{"line":386,"column":59}}],"line":386},"28":{"loc":{"start":{"line":387,"column":25},"end":{"line":387,"column":45}},"type":"binary-expr","locations":[{"start":{"line":387,"column":25},"end":{"line":387,"column":40}},{"start":{"line":387,"column":40},"end":{"line":387,"column":45}}],"line":387},"29":{"loc":{"start":{"line":388,"column":22},"end":{"line":388,"column":35}},"type":"binary-expr","locations":[{"start":{"line":388,"column":22},"end":{"line":388,"column":33}},{"start":{"line":388,"column":33},"end":{"line":388,"column":35}}],"line":388},"30":{"loc":{"start":{"line":394,"column":4},"end":{"line":394,"column":null}},"type":"if","locations":[{"start":{"line":394,"column":4},"end":{"line":394,"column":null}},{"start":{},"end":{}}],"line":394},"31":{"loc":{"start":{"line":394,"column":8},"end":{"line":394,"column":78}},"type":"binary-expr","locations":[{"start":{"line":394,"column":8},"end":{"line":394,"column":24}},{"start":{"line":394,"column":24},"end":{"line":394,"column":42}},{"start":{"line":394,"column":42},"end":{"line":394,"column":59}},{"start":{"line":394,"column":59},"end":{"line":394,"column":78}}],"line":394},"32":{"loc":{"start":{"line":403,"column":18},"end":{"line":403,"column":null}},"type":"binary-expr","locations":[{"start":{"line":403,"column":18},"end":{"line":403,"column":36}},{"start":{"line":403,"column":36},"end":{"line":403,"column":null}}],"line":403},"33":{"loc":{"start":{"line":404,"column":27},"end":{"line":404,"column":null}},"type":"cond-expr","locations":[{"start":{"line":404,"column":88},"end":{"line":404,"column":112}},{"start":{"line":404,"column":112},"end":{"line":404,"column":null}}],"line":404},"34":{"loc":{"start":{"line":404,"column":27},"end":{"line":404,"column":88}},"type":"binary-expr","locations":[{"start":{"line":404,"column":27},"end":{"line":404,"column":52}},{"start":{"line":404,"column":52},"end":{"line":404,"column":88}}],"line":404},"35":{"loc":{"start":{"line":417,"column":4},"end":{"line":417,"column":null}},"type":"if","locations":[{"start":{"line":417,"column":4},"end":{"line":417,"column":null}},{"start":{},"end":{}}],"line":417},"36":{"loc":{"start":{"line":417,"column":8},"end":{"line":417,"column":81}},"type":"binary-expr","locations":[{"start":{"line":417,"column":8},"end":{"line":417,"column":26}},{"start":{"line":417,"column":26},"end":{"line":417,"column":46}},{"start":{"line":417,"column":46},"end":{"line":417,"column":65}},{"start":{"line":417,"column":65},"end":{"line":417,"column":81}}],"line":417},"37":{"loc":{"start":{"line":426,"column":27},"end":{"line":426,"column":null}},"type":"cond-expr","locations":[{"start":{"line":426,"column":92},"end":{"line":426,"column":118}},{"start":{"line":426,"column":118},"end":{"line":426,"column":null}}],"line":426},"38":{"loc":{"start":{"line":426,"column":27},"end":{"line":426,"column":92}},"type":"binary-expr","locations":[{"start":{"line":426,"column":27},"end":{"line":426,"column":54}},{"start":{"line":426,"column":54},"end":{"line":426,"column":92}}],"line":426},"39":{"loc":{"start":{"line":428,"column":15},"end":{"line":428,"column":null}},"type":"binary-expr","locations":[{"start":{"line":428,"column":15},"end":{"line":428,"column":33}},{"start":{"line":428,"column":33},"end":{"line":428,"column":null}}],"line":428},"40":{"loc":{"start":{"line":447,"column":4},"end":{"line":447,"column":null}},"type":"if","locations":[{"start":{"line":447,"column":4},"end":{"line":447,"column":null}},{"start":{},"end":{}}],"line":447},"41":{"loc":{"start":{"line":447,"column":8},"end":{"line":447,"column":57}},"type":"binary-expr","locations":[{"start":{"line":447,"column":8},"end":{"line":447,"column":24}},{"start":{"line":447,"column":24},"end":{"line":447,"column":35}},{"start":{"line":447,"column":35},"end":{"line":447,"column":50}},{"start":{"line":447,"column":50},"end":{"line":447,"column":57}}],"line":447},"42":{"loc":{"start":{"line":456,"column":27},"end":{"line":456,"column":null}},"type":"cond-expr","locations":[{"start":{"line":456,"column":74},"end":{"line":456,"column":91}},{"start":{"line":456,"column":91},"end":{"line":456,"column":null}}],"line":456},"43":{"loc":{"start":{"line":456,"column":27},"end":{"line":456,"column":74}},"type":"binary-expr","locations":[{"start":{"line":456,"column":27},"end":{"line":456,"column":45}},{"start":{"line":456,"column":45},"end":{"line":456,"column":74}}],"line":456},"44":{"loc":{"start":{"line":458,"column":15},"end":{"line":458,"column":null}},"type":"binary-expr","locations":[{"start":{"line":458,"column":15},"end":{"line":458,"column":24}},{"start":{"line":458,"column":24},"end":{"line":458,"column":null}}],"line":458},"45":{"loc":{"start":{"line":474,"column":4},"end":{"line":474,"column":null}},"type":"if","locations":[{"start":{"line":474,"column":4},"end":{"line":474,"column":null}},{"start":{},"end":{}}],"line":474},"46":{"loc":{"start":{"line":474,"column":8},"end":{"line":474,"column":62}},"type":"binary-expr","locations":[{"start":{"line":474,"column":8},"end":{"line":474,"column":20}},{"start":{"line":474,"column":20},"end":{"line":474,"column":34}},{"start":{"line":474,"column":34},"end":{"line":474,"column":47}},{"start":{"line":474,"column":47},"end":{"line":474,"column":62}}],"line":474},"47":{"loc":{"start":{"line":483,"column":18},"end":{"line":483,"column":null}},"type":"binary-expr","locations":[{"start":{"line":483,"column":18},"end":{"line":483,"column":32}},{"start":{"line":483,"column":32},"end":{"line":483,"column":null}}],"line":483},"48":{"loc":{"start":{"line":484,"column":27},"end":{"line":484,"column":null}},"type":"cond-expr","locations":[{"start":{"line":484,"column":80},"end":{"line":484,"column":100}},{"start":{"line":484,"column":100},"end":{"line":484,"column":null}}],"line":484},"49":{"loc":{"start":{"line":484,"column":27},"end":{"line":484,"column":80}},"type":"binary-expr","locations":[{"start":{"line":484,"column":27},"end":{"line":484,"column":48}},{"start":{"line":484,"column":48},"end":{"line":484,"column":80}}],"line":484},"50":{"loc":{"start":{"line":515,"column":4},"end":{"line":515,"column":null}},"type":"if","locations":[{"start":{"line":515,"column":4},"end":{"line":515,"column":null}},{"start":{},"end":{}}],"line":515},"51":{"loc":{"start":{"line":517,"column":6},"end":{"line":521,"column":null}},"type":"if","locations":[{"start":{"line":517,"column":6},"end":{"line":521,"column":null}},{"start":{"line":519,"column":13},"end":{"line":521,"column":null}}],"line":517},"52":{"loc":{"start":{"line":519,"column":13},"end":{"line":521,"column":null}},"type":"if","locations":[{"start":{"line":519,"column":13},"end":{"line":521,"column":null}},{"start":{},"end":{}}],"line":519},"53":{"loc":{"start":{"line":532,"column":44},"end":{"line":532,"column":90}},"type":"cond-expr","locations":[{"start":{"line":532,"column":61},"end":{"line":532,"column":86}},{"start":{"line":532,"column":86},"end":{"line":532,"column":90}}],"line":532},"54":{"loc":{"start":{"line":536,"column":4},"end":{"line":540,"column":null}},"type":"if","locations":[{"start":{"line":536,"column":4},"end":{"line":540,"column":null}},{"start":{"line":538,"column":11},"end":{"line":540,"column":null}}],"line":536},"55":{"loc":{"start":{"line":556,"column":6},"end":{"line":570,"column":null}},"type":"if","locations":[{"start":{"line":556,"column":6},"end":{"line":570,"column":null}},{"start":{},"end":{}}],"line":556},"56":{"loc":{"start":{"line":556,"column":10},"end":{"line":556,"column":63}},"type":"binary-expr","locations":[{"start":{"line":556,"column":10},"end":{"line":556,"column":25}},{"start":{"line":556,"column":25},"end":{"line":556,"column":42}},{"start":{"line":556,"column":42},"end":{"line":556,"column":53}},{"start":{"line":556,"column":53},"end":{"line":556,"column":63}}],"line":556},"57":{"loc":{"start":{"line":558,"column":8},"end":{"line":569,"column":null}},"type":"if","locations":[{"start":{"line":558,"column":8},"end":{"line":569,"column":null}},{"start":{},"end":{}}],"line":558},"58":{"loc":{"start":{"line":558,"column":12},"end":{"line":558,"column":73}},"type":"binary-expr","locations":[{"start":{"line":558,"column":12},"end":{"line":558,"column":32}},{"start":{"line":558,"column":32},"end":{"line":558,"column":53}},{"start":{"line":558,"column":53},"end":{"line":558,"column":73}}],"line":558},"59":{"loc":{"start":{"line":563,"column":10},"end":{"line":568,"column":null}},"type":"if","locations":[{"start":{"line":563,"column":10},"end":{"line":568,"column":null}},{"start":{"line":566,"column":17},"end":{"line":568,"column":null}}],"line":563},"60":{"loc":{"start":{"line":573,"column":6},"end":{"line":580,"column":null}},"type":"if","locations":[{"start":{"line":573,"column":6},"end":{"line":580,"column":null}},{"start":{},"end":{}}],"line":573},"61":{"loc":{"start":{"line":573,"column":10},"end":{"line":573,"column":79}},"type":"binary-expr","locations":[{"start":{"line":573,"column":10},"end":{"line":573,"column":25}},{"start":{"line":573,"column":25},"end":{"line":573,"column":52}},{"start":{"line":573,"column":52},"end":{"line":573,"column":79}}],"line":573},"62":{"loc":{"start":{"line":575,"column":8},"end":{"line":579,"column":null}},"type":"if","locations":[{"start":{"line":575,"column":8},"end":{"line":579,"column":null}},{"start":{},"end":{}}],"line":575},"63":{"loc":{"start":{"line":592,"column":4},"end":{"line":592,"column":null}},"type":"if","locations":[{"start":{"line":592,"column":4},"end":{"line":592,"column":null}},{"start":{},"end":{}}],"line":592},"64":{"loc":{"start":{"line":595,"column":4},"end":{"line":598,"column":null}},"type":"if","locations":[{"start":{"line":595,"column":4},"end":{"line":598,"column":null}},{"start":{},"end":{}}],"line":595},"65":{"loc":{"start":{"line":684,"column":27},"end":{"line":684,"column":null}},"type":"binary-expr","locations":[{"start":{"line":684,"column":27},"end":{"line":684,"column":49}},{"start":{"line":684,"column":49},"end":{"line":684,"column":null}}],"line":684},"66":{"loc":{"start":{"line":692,"column":21},"end":{"line":692,"column":55}},"type":"binary-expr","locations":[{"start":{"line":692,"column":21},"end":{"line":692,"column":26}},{"start":{"line":692,"column":26},"end":{"line":692,"column":55}}],"line":692},"67":{"loc":{"
[...]
finity":100,"s:152:24:155:Infinity":101,"b:156:6:156:Infinity:undefined:undefined:undefined:undefined":14,"s:156:6:156:Infinity":102,"s:156:17:156:Infinity":103,"s:157:6:157:Infinity":104,"f:157:6:157:20":38,"s:157:28:157:57":105,"f:157:33:157:40":39,"s:157:45:157:56":106,"s:159:6:159:Infinity":107,"s:160:6:160:Infinity":108,"s:165:23:176:Infinity":109,"f:165:23:165:35":40,"b:166:4:166:Infinity:undefined:undefined:undefined:undefined":15,"s:166:4:166:Infinity":110,"s:166:15:166:Infinity":111,"s:167:4:175:Infinity":112,"s:168:30:170:Infinity":113,"b:171:6:171:Infinity:undefined:undefined:undefined:undefined":16,"s:171:6:171:Infinity":114,"s:171:17:171:Infinity":115,"s:172:6:172:Infinity":116,"b:172:17:172:25:172:25:172:27":17,"s:174:6:174:Infinity":117,"s:178:20:192:Infinity":118,"f:178:20:178:27":41,"b:179:4:179:Infinity:undefined:undefined:undefined:undefined":18,"s:179:4:179:Infinity":119,"s:179:15:179:Infinity":120,"s:180:4:191:Infinity":121,"s:181:30:184:Infinity":122,"b:185:6:185:Infinity:undefined:undefined:undefined:undefined":19,"s:185:6:185:Infinity":123,"s:185:17:185:Infinity":124,"s:186:6:186:Infinity":125,"f:186:6:186:17":42,"s:186:25:186:43":126,"s:187:6:187:Infinity":127,"s:189:6:189:Infinity":128,"s:190:6:190:Infinity":129,"s:194:23:206:Infinity":130,"f:194:23:194:30":43,"s:195:4:205:Infinity":131,"s:196:24:199:Infinity":132,"b:200:6:200:Infinity:undefined:undefined:undefined:undefined":20,"s:200:6:200:Infinity":133,"s:200:17:200:Infinity":134,"s:201:6:201:Infinity":135,"f:201:6:201:17":44,"s:201:25:201:54":136,"f:201:30:201:37":45,"s:201:42:201:53":137,"s:203:6:203:Infinity":138,"s:204:6:204:Infinity":139,"s:209:27:221:Infinity":140,"f:209:27:209:39":46,"b:210:4:210:Infinity:undefined:undefined:undefined:undefined":21,"s:210:4:210:Infinity":141,"s:210:15:210:Infinity":142,"s:211:4:220:Infinity":143,"s:212:30:215:Infinity":144,"b:216:6:216:Infinity:undefined:undefined:undefined:undefined":22,"s:216:6:216:Infinity":145,"s:216:17:216:Infinity":146,"s:217:6:217:Infinity":147,"b:217:21:217:29:217:29:217:31":23,"s:219:6:219:Infinity":148,"s:223:24:245:Infinity":149,"f:223:24:223:31":47,"b:224:4:224:Infinity:undefined:undefined:undefined:undefined":24,"s:224:4:224:Infinity":150,"s:224:15:224:Infinity":151,"s:225:4:244:Infinity":152,"s:226:30:229:Infinity":153,"b:230:6:230:Infinity:undefined:undefined:undefined:undefined":25,"s:230:6:230:Infinity":154,"s:230:17:230:Infinity":155,"s:233:6:237:Infinity":156,"s:239:6:239:Infinity":157,"f:239:6:239:21":48,"s:239:29:239:47":158,"s:240:6:240:Infinity":159,"s:242:6:242:Infinity":160,"s:243:6:243:Infinity":161,"s:247:27:259:Infinity":162,"f:247:27:247:34":49,"s:248:4:258:Infinity":163,"s:249:24:252:Infinity":164,"b:253:6:253:Infinity:undefined:undefined:undefined:undefined":26,"s:253:6:253:Infinity":165,"s:253:17:253:Infinity":166,"s:254:6:254:Infinity":167,"f:254:6:254:21":50,"s:254:29:254:58":168,"f:254:34:254:41":51,"s:254:46:254:57":169,"s:256:6:256:Infinity":170,"s:257:6:257:Infinity":171,"s:261:34:281:Infinity":172,"f:261:34:261:41":52,"s:262:4:280:Infinity":173,"s:263:24:266:Infinity":174,"b:267:6:267:Infinity:undefined:undefined:undefined:undefined":27,"s:267:6:267:Infinity":175,"s:267:17:267:Infinity":176,"s:270:6:274:Infinity":177,"b:273:14:273:22:273:22:273:Infinity":28,"s:276:6:276:Infinity":178,"f:276:6:276:21":53,"s:276:29:276:99":179,"f:276:34:276:38":54,"s:276:43:276:98":180,"b:276:57:276:97:276:97:276:98":29,"s:278:6:278:Infinity":181,"s:279:6:279:Infinity":182,"s:284:27:296:Infinity":183,"f:284:27:284:39":55,"b:285:4:285:Infinity:undefined:undefined:undefined:undefined":30,"s:285:4:285:Infinity":184,"s:285:15:285:Infinity":185,"s:286:4:295:Infinity":186,"s:287:30:290:Infinity":187,"b:291:6:291:Infinity:undefined:undefined:undefined:undefined":31,"s:291:6:291:Infinity":188,"s:291:17:291:Infinity":189,"s:292:6:292:Infinity":190,"b:292:21:292:29:292:29:292:31":32,"s:294:6:294:Infinity":191,"s:298:24:312:Infinity":192,"f:298:24:298:31":56,"b:299:4:299:Infinity:undefined:undefined:undefined:undefined":33,"s:299:4:299:Infinity":193,"s:299:15:299:Infinity":194,"s:300:4:311:Infinity":195,"s:301:30:304:Infinity":196,"b:305:6:305:Infinity:undefined:undefined:undefined:undefined":34,"s:305:6:305:Infinity":197,"s:305:17:305:Infinity":198,"s:306:6:306:Infinity":199,"f:306:6:306:21":57,"s:306:29:306:47":200,"s:307:6:307:Infinity":201,"s:309:6:309:Infinity":202,"s:310:6:310:Infinity":203,"s:314:27:326:Infinity":204,"f:314:27:314:34":58,"s:315:4:325:Infinity":205,"s:316:24:319:Infinity":206,"b:320:6:320:Infinity:undefined:undefined:undefined:undefined":35,"s:320:6:320:Infinity":207,"s:320:17:320:Infinity":208,"s:321:6:321:Infinity":209,"f:321:6:321:21":59,"s:321:29:321:58":210,"f:321:34:321:41":60,"s:321:46:321:57":211,"s:323:6:323:Infinity":212,"s:324:6:324:Infinity":213,"s:328:33:340:Infinity":214,"f:328:33:328:40":61,"s:329:4:339:Infinity":215,"s:330:24:333:Infinity":216,"b:334:6:334:Infinity:undefined:undefined:undefined:undefined":36,"s:334:6:334:Infinity":217,"s:334:17:334:Infinity":218,"s:335:6:335:Infinity":219,"f:335:6:335:21":62,"s:335:29:335:97":220,"f:335:34:335:38":63,"s:335:43:335:96":221,"b:335:57:335:95:335:95:335:96":37,"s:337:6:337:Infinity":222,"s:338:6:338:Infinity":223,"s:343:30:356:Infinity":224,"f:343:30:343:42":64,"b:344:4:344:Infinity:undefined:undefined:undefined:undefined":38,"s:344:4:344:Infinity":225,"s:344:15:344:Infinity":226,"s:345:4:355:Infinity":227,"s:346:30:348:Infinity":228,"b:349:6:349:Infinity:undefined:undefined:undefined:undefined":39,"s:349:6:349:Infinity":229,"s:349:17:349:Infinity":230,"s:350:6:350:Infinity":231,"b:350:24:350:32:350:32:350:34":40,"s:351:6:351:Infinity":232,"b:351:13:351:21:351:21:351:Infinity":41,"s:353:6:353:Infinity":233,"s:354:6:354:Infinity":234,"s:358:27:372:Infinity":235,"f:358:27:358:34":65,"b:359:4:359:Infinity:undefined:undefined:undefined:undefined":42,"s:359:4:359:Infinity":236,"s:359:15:359:Infinity":237,"s:360:4:371:Infinity":238,"s:361:30:364:Infinity":239,"b:365:6:365:Infinity:undefined:undefined:undefined:undefined":43,"s:365:6:365:Infinity":240,"s:365:17:365:Infinity":241,"s:366:6:366:Infinity":242,"f:366:6:366:24":66,"s:366:32:366:50":243,"s:367:6:367:Infinity":244,"s:369:6:369:Infinity":245,"s:370:6:370:Infinity":246,"s:374:30:386:Infinity":247,"f:374:30:374:37":67,"s:375:4:385:Infinity":248,"s:376:24:379:Infinity":249,"b:380:6:380:Infinity:undefined:undefined:undefined:undefined":44,"s:380:6:380:Infinity":250,"s:380:17:380:Infinity":251,"s:381:6:381:Infinity":252,"f:381:6:381:24":68,"s:381:32:381:61":253,"f:381:37:381:44":69,"s:381:49:381:60":254,"s:383:6:383:Infinity":255,"s:384:6:384:Infinity":256,"s:389:48:464:Infinity":257,"f:389:48:389:55":70,"b:390:4:390:Infinity:undefined:undefined:undefined:undefined":45,"s:390:4:390:Infinity":258,"b:390:8:390:17:390:17:390:34:390:34:390:61":46,"s:390:61:390:Infinity":259,"s:392:18:392:Infinity":260,"s:393:24:393:Infinity":261,"s:394:25:394:Infinity":262,"s:396:36:396:Infinity":263,"s:398:4:447:Infinity":264,"s:399:24:399:Infinity":265,"s:400:22:400:Infinity":266,"b:400:38:400:64:400:64:400:Infinity":47,"s:402:24:402:Infinity":267,"s:403:25:403:Infinity":268,"s:404:23:404:Infinity":269,"s:406:25:406:Infinity":270,"b:406:55:406:65:406:65:406:Infinity":48,"b:406:25:406:36:406:36:406:55":49,"s:407:24:407:Infinity":271,"s:408:25:408:Infinity":272,"s:411:12:411:Infinity":273,"s:413:6:446:Infinity":274,"s:413:19:413:22":275,"s:414:26:414:Infinity":276,"s:415:25:415:Infinity":277,"s:416:8:416:Infinity":278,"s:418:25:418:Infinity":279,"s:421:30:424:Infinity":280,"f:421:43:421:48":71,"s:422:10:423:Infinity":281,"b:422:10:422:Infinity:423:10:423:Infinity":50,"b:426:8:445:Infinity:undefined:undefined:undefined:undefined":51,"s:426:8:445:Infinity":282,"s:427:39:427:Infinity":283,"s:428:28:428:Infinity":284,"s:429:32:429:Infinity":285,"s:431:10:444:Infinity":286,"b:438:30:438:55:438:55:438:Infinity":52,"b:442:28:442:51:442:51:442:Infinity":53,"b:449:4:463:Infinity:undefined:undefined:undefined:undefined":54,"s:449:4:463:Infinity":287,"s:450:6:462:Infinity":288,"s:451:32:454:Infinity":289,"b:455:8:455:Infinity:undefined:undefined:undefined:undefined":55,"s:455:8:455:Infinity":290,"s:455:19:455:Infinity":291,"b:457:8:459:Infinity:undefined:undefined:undefined:undefined":56,"s:457:8:459:Infinity":292,"b:457:12:457:20:457:20:457:37":57,"s:458:10:458:Infinity":293,"f:458:10:458:26":72,"s:458:34:458:97":294,"f:458:53:458:59":73,"s:458:68:458:96":295,"s:461:8:461:Infinity":296,"s:468:29:482:Infinity":297,"f:468:29:468:41":74,"b:469:4:469:Infinity:undefined:undefined:undefined:undefined":58,"s:469:4:469:Infinity":298,"s:469:15:469:Infinity":299,"s:470:4:481:Infinity":300,"s:471:30:474:Infinity":301,"b:475:6:475:Infinity:undefined:undefined:undefined:undefined":59,"s:475:6:475:Infinity":302,"s:475:17:475:Infinity":303,"s:476:6:476:Infinity":304,"b:476:23:476:31:476:31:476:33":60,"s:477:6:477:Infinity":305,"b:477:13:477:21:477:21:477:Infinity":61,"s:479:6:479:Infinity":306,"s:480:6:480:Infinity":307,"s:484:26:498:Infinity":308,"f:484:26:484:33":75,"b:485:4:485:Infinity:undefined:undefined:undefined:undefined":62,"s:485:4:485:Infinity":309,"s:485:15:485:Infinity":310,"s:486:4:497:Infinity":311,"s:487:30:490:Infinity":312,"b:491:6:491:Infinity:undefined:undefined:undefined:undefined":63,"s:491:6:491:Infinity":313,"s:491:17:491:Infinity":314,"s:492:6:492:Infinity":315,"f:492:6:492:23":76,"s:492:31:492:94":316,"f:492:50:492:56":77,"s:492:65:492:93":317,"s:493:6:493:Infinity":318,"s:495:6:495:Infinity":319,"s:496:6:496:Infinity":320,"s:500:29:516:Infinity":321,"f:500:29:500:36":78,"s:501:4:515:Infinity":322,"s:502:24:505:Infinity":323,"b:506:6:506:Infinity:undefined:undefined:undefined:undefined":64,"s:506:6:506:Infinity":324,"s:506:17:506:Infinity":325,"s:507:6:507:Infinity":326,"f:507:6:507:23":79,"s:507:31:507:60":327,"f:507:36:507:43":80,"s:507:48:507:59":328,"s:510:6:510:Infinity":329,"f:510:6:510:22":81,"s:510:30:510:131":330,"f:510:35:510:39":82,"s:510:44:510:130":331,"b:510:72:510:129:510:129:510:130":65,"s:511:6:511:Infinity":332,"f:511:6:511:24":83,"s:511:32:511:133":333,"f:511:37:511:41":84,"s:511:46:511:132":334,"b:511:74:511:131:511:131:511:132":66,"s:513:6:513:Infinity":335,"s:514:6:514:Infinity":336,"s:518:28:532:Infinity":337,"f:518:28:518:35":85,"s:519:4:531:Infinity":338,"s:520:30:524:Infinity":339,"b:525:6:525:Infinity:undefined:undefined:undefined:undefined":67,"s:525:6:525:Infinity":340,"s:525:17:525:Infinity":341,"s:526:6:526:Infinity":342,"f:526:6:526:22":86,"s:526:30:526:70":343,"f:526:35:526:39":87,"s:526:44:526:69":344,"b:526:58:526:68:526:68:526:69":68,"s:527:6:527:Infinity":345,"s:529:6:529:Infinity":346,"s:530:6:530:Infinity":347,"s:534:30:560:Infinity":348,"f:534:30:534:37":88,"s:535:4:559:Infinity":349,"s:536:30:540:Infinity":350,"b:541:6:541:Infinity:undefined:undefined:undefined:undefined":69,"s:541:6:541:Infinity":351,"s:541:17:541:Infinity":352,"s:542:6:542:Infinity":353,"f:542:6:542:24":89,"s:542:32:542:72":354,"f:542:37:542:41":90,"s:542:46:542:71":355,"b:542:60:542:70:542:70:542:71":70,"s:545:6:553:Infinity":356,"f:545:6:545:22":91,"s:545:30:553:12":357,"f:545:35:545:39":92,"s:545:44:553:11":358,"b:545:73:553:10:553:10:553:11":71,"s:555:6:555:Infinity":359,"s:557:6:557:Infinity":360,"s:558:6:558:Infinity":361,"s:562:27:587:Infinity":362,"f:562:27:562:34":93,"s:563:4:586:Infinity":363,"s:564:30:568:Infinity":364,"b:569:6:569:Infinity:undefined:undefined:undefined:undefined":72,"s:569:6:569:Infinity":365,"s:569:17:569:Infinity":366,"s:572:28:572:Infinity":367,"f:572:40:572:45":94,"s:572:50:572:61":368,"b:573:6:579:Infinity:undefined:undefined:undefined:undefined":73,"s:573:6:579:Infinity":369,"b:573:10:573:27:573:27:573:112":74,"s:574:8:578:Infinity":370,"s:581:6:581:Infinity":371,"f:581:6:581:21":95,"s:581:29:581:69":372,"f:581:34:581:38":96,"s:581:43:581:68":373,"b:581:57:581:67:581:67:581:68":75,"s:582:6:582:Infinity":374,"s:584:6:584:Infinity":375,"s:585:6:585:Infinity":376,"s:589:23:603:Infinity":377,"f:589:23:589:30":97,"s:590:4:602:Infinity":378,"s:591:30:595:Infinity":379,"b:596:6:596:Infinity:undefined:undefined:undefined:undefined":76,"s:596:6:596:Infinity":380,"s:596:17:596:Infinity":381,"s:597:6:597:Infinity":382,"f:597:6:597:17":98,"s:597:25:597:65":383,"f:597:30:597:34":99,"s:597:39:597:64":384,"b:597:53:597:63:597:63:597:64":77,"s:598:6:598:Infinity":385,"s:600:6:600:Infinity":386,"s:601:6:601:Infinity":387,"s:605:27:619:Infinity":388,"f:605:27:605:34":100,"s:606:4:618:Infinity":389,"s:607:30:611:Infinity":390,"b:612:6:612:Infinity:undefined:undefined:undefined:undefined":78,"s:612:6:612:Infinity":391,"s:612:17:612:Infinity":392,"s:613:6:613:Infinity":393,"f:613:6:613:21":101,"s:613:29:613:69":394,"f:613:34:613:38":102,"s:613:43:613:68":395,"b:613:57:613:67:613:67:613:68":79,"s:614:6:614:Infinity":396,"s:616:6:616:Infinity":397,"s:617:6:617:Infinity":398,"s:621:25:641:Infinity":399,"f:621:25:621:32":103,"s:622:4:640:Infinity":400,"s:623:30:627:Infinity":401,"b:628:6:628:Infinity:undefined:undefined:undefined:undefined":80,"s:628:6:628:Infinity":402,"s:628:17:628:Infinity":403,"s:629:6:629:Infinity":404,"f:629:6:629:20":104,"s:629:28:629:113":405,"f:629:33:629:37":105,"s:629:42:629:67":406,"b:629:56:629:66:629:66:629:67":81,"f:629:69:629:75":106,"s:629:84:629:112":407,"s:632:6:632:Infinity":408,"f:632:6:632:22":107,"s:632:30:632:101":409,"f:632:35:632:39":108,"s:632:44:632:100":410,"b:632:67:632:99:632:99:632:100":82,"s:633:6:633:Infinity":411,"f:633:6:633:24":109,"s:633:32:633:103":412,"f:633:37:633:41":110,"s:633:46:633:102":413,"b:633:69:633:101:633:101:633:102":83,"s:634:6:634:Infinity":414,"f:634:6:634:17":111,"s:634:25:634:96":415,"f:634:30:634:34":112,"s:634:39:634:95":416,"b:634:62:634:94:634:94:634:95":84,"s:636:6:636:Infinity":417,"s:638:6:638:Infinity":418,"s:639:6:639:Infinity":419,"s:643:29:662:Infinity":420,"f:643:29:643:36":113,"s:644:4:661:Infinity":421,"s:645:30:649:Infinity":422,"b:650:6:650:Infinity:undefined:undefined:undefined:undefined":85,"s:650:6:650:Infinity":423,"s:650:17:650:Infinity":424,"s:651:6:651:Infinity":425,"f:651:6:651:23":114,"s:651:31:651:116":426,"f:651:36:651:40":115,"s:651:45:651:70":427,"b:651:59:651:69:651:69:651:70":86,"f:651:72:651:78":116,"s:651:87:651:115":428,"s:654:6:654:Infinity":429,"f:654:6:654:22":117,"s:654:30:654:110":430,"f:654:35:654:39":118,"s:654:44:654:109":431,"b:654:72:654:108:654:108:654:109":87,"s:655:6:655:Infinity":432,"f:655:6:655:24":119,"s:655:32:655:112":433,"f:655:37:655:41":120,"s:655:46:655:111":434,"b:655:74:655:110:655:110:655:111":88,"s:657:6:657:Infinity":435,"s:659:6:659:Infinity":436,"s:660:6:660:Infinity":437,"s:664:22:685:Infinity":438,"f:664:22:664:34":121,"s:665:4:665:Infinity":439,"s:666:4:684:Infinity":440,"s:667:63:675:Infinity":441,"b:677:6:679:Infinity:undefined:undefined:undefined:undefined":89,"s:677:6:679:Infinity":442,"b:677:10:677:19:677:19:677:26":90,"s:678:8:678:Infinity":443,"s:681:6:681:Infinity":444,"s:683:6:683:Infinity":445,"s:687:2:699:Infinity":446,"f:687:2:687:18":122,"b:688:4:698:Infinity:690:11:698:Infinity":91,"s:688:4:698:Infinity":447,"s:689:6:689:Infinity":448,"s:691:6:691:Infinity":449,"s:692:6:692:Infinity":450,"s:693:6:693:Infinity":451,"s:694:6:694:Infinity":452,"s:695:6:695:Infinity":453,"s:696:6:696:Infinity":454,"s:697:6:697:Infinity":455,"s:701:16:736:Infinity":456,"s:738:2:741:Infinity":457,"s:745:13:751:Infinity":458,"f:745:13:745:34":123,"s:746:8:746:Infinity":459,"b:747:2:749:Infinity:undefined:undefined:undefined:undefined":92,"s:747:2:749:Infinity":460,"s:748:4:748:Infinity":461,"s:750:2:750:Infinity":462},"fnNames":{}}}
,"C:\\Users\\Lucas\\Desktop\\Projetos\\Gestão-Financeira\\src\\lib\\utils.js": {"path":"C:\\Users\\Lucas\\Desktop\\Projetos\\Gestão-Financeira\\src\\lib\\utils.js","statementMap":{"0":{"start":{"line":5,"column":2},"end":{"line":5,"column":null}},"1":{"start":{"line":9,"column":2},"end":{"line":9,"column":null}},"2":{"start":{"line":9,"column":45},"end":{"line":9,"column":null}},"3":{"start":{"line":11,"column":22},"end":{"line":11,"column":null}},"4":{"start":{"line":13,"column":17},"end":{"line":13,"column":null}},"5":{"start":{"line":14,"column":2},"end":{"line":14,"column":null}},"6":{"start":{"line":14,"column":15},"end":{"line":14,"column":null}},"7":{"start":{"line":16,"column":17},"end":{"line":16,"column":null}},"8":{"start":{"line":17,"column":2},"end":{"line":20,"column":null}},"9":{"start":{"line":24,"column":2},"end":{"line":24,"column":null}},"10":{"start":{"line":24,"column":23},"end":{"line":24,"column":null}},"11":{"start":{"line":25,"column":2},"end":{"line":25,"column":null}},"12":{"start":{"line":25,"column":42},"end":{"line":25,"column":null}},"13":{"start":{"line":26,"column":16},"end":{"line":29,"column":null}},"14":{"start":{"line":30,"column":2},"end":{"line":30,"column":null}}},"fnMap":{"0":{"name":"cn","decl":{"start":{"line":4,"column":16},"end":{"line":4,"column":19}},"loc":{"start":{"line":4,"column":30},"end":{"line":6,"column":null}},"line":4},"1":{"name":"formatCurrencyInput","decl":{"start":{"line":8,"column":16},"end":{"line":8,"column":36}},"loc":{"start":{"line":8,"column":43},"end":{"line":21,"column":null}},"line":8},"2":{"name":"parseCurrencyToNumber","decl":{"start":{"line":23,"column":16},"end":{"line":23,"column":38}},"loc":{"start":{"line":23,"column":54},"end":{"line":31,"column":null}},"line":23}},"branchMap":{"0":{"loc":{"start":{"line":9,"column":2},"end":{"line":9,"column":null}},"type":"if","locations":[{"start":{"line":9,"column":2},"end":{"line":9,"column":null}},{"start":{},"end":{}}],"line":9},"1":{"loc":{"start":{"line":9,"column":6},"end":{"line":9,"column":45}},"type":"binary-expr","locations":[{"start":{"line":9,"column":6},"end":{"line":9,"column":29}},{"start":{"line":9,"column":29},"end":{"line":9,"column":45}}],"line":9},"2":{"loc":{"start":{"line":11,"column":22},"end":{"line":11,"column":null}},"type":"cond-expr","locations":[{"start":{"line":11,"column":39},"end":{"line":11,"column":77}},{"start":{"line":11,"column":77},"end":{"line":11,"column":null}}],"line":11},"3":{"loc":{"start":{"line":14,"column":2},"end":{"line":14,"column":null}},"type":"if","locations":[{"start":{"line":14,"column":2},"end":{"line":14,"column":null}},{"start":{},"end":{}}],"line":14},"4":{"loc":{"start":{"line":24,"column":2},"end":{"line":24,"column":null}},"type":"if","locations":[{"start":{"line":24,"column":2},"end":{"line":24,"column":null}},{"start":{},"end":{}}],"line":24},"5":{"loc":{"start":{"line":25,"column":2},"end":{"line":25,"column":null}},"type":"if","locations":[{"start":{"line":25,"column":2},"end":{"line":25,"column":null}},{"start":{},"end":{}}],"line":25},"6":{"loc":{"start":{"line":30,"column":9},"end":{"line":30,"column":null}},"type":"binary-expr","locations":[{"start":{"line":30,"column":9},"end":{"line":30,"column":30}},{"start":{"line":30,"column":30},"end":{"line":30,"column":null}}],"line":30}},"s":{"0":100,"1":0,"2":0,"3":0,"4":0,"5":0,"6":0,"7":0,"8":0,"9":0,"10":0,"11":0,"12":0,"13":0,"14":0},"f":{"0":100,"1":0,"2":0},"b":{"0":[0,0],"1":[0,0],"2":[0,0],"3":[0,0],"4":[0,0],"5":[0,0],"6":[0,0]},"meta":{"lastBranch":7,"lastFunction":3,"lastStatement":15,"seen":{"f:4:16:4:19":0,"s:5:2:5:Infinity":0,"f:8:16:8:36":1,"b:9:2:9:Infinity:undefined:undefined:undefined:undefined":0,"s:9:2:9:Infinity":1,"b:9:6:9:29:9:29:9:45":1,"s:9:45:9:Infinity":2,"s:11:22:11:Infinity":3,"b:11:39:11:77:11:77:11:Infinity":2,"s:13:17:13:Infinity":4,"b:14:2:14:Infinity:undefined:undefined:undefined:undefined":3,"s:14:2:14:Infinity":5,"s:14:15:14:Infinity":6,"s:16:17:16:Infinity":7,"s:17:2:20:Infinity":8,"f:23:16:23:38":2,"b:24:2:24:Infinity:undefined:undefined:undefined:undefined":4,"s:24:2:24:Infinity":9,"s:24:23:24:Infinity":10,"b:25:2:25:Infinity:undefined:undefined:undefined:undefined":5,"s:25:2:25:Infinity":11,"s:25:42:25:Infinity":12,"s:26:16:29:Infinity":13,"s:30:2:30:Infinity":14,"b:30:9:30:30:30:30:30:Infinity":6},"fnNames":{}}}
}
